{"C:\\Users\\Lenov\\Documents\\IT\\Binar Academy Back End Javascript Bootcamp\\Project\\challange-platinum\\app.js": {"path":"C:\\Users\\Lenov\\Documents\\IT\\Binar Academy Back End Javascript Bootcamp\\Project\\challange-platinum\\app.js","statementMap":{"0":{"start":{"line":1,"column":16},"end":{"line":1,"column":34}},"1":{"start":{"line":2,"column":15},"end":{"line":2,"column":32}},"2":{"start":{"line":3,"column":16},"end":{"line":3,"column":40}},"3":{"start":{"line":4,"column":19},"end":{"line":4,"column":50}},"4":{"start":{"line":5,"column":19},"end":{"line":5,"column":50}},"5":{"start":{"line":6,"column":20},"end":{"line":6,"column":52}},"6":{"start":{"line":7,"column":30},"end":{"line":7,"column":62}},"7":{"start":{"line":8,"column":17},"end":{"line":8,"column":36}},"8":{"start":{"line":10,"column":12},"end":{"line":10,"column":21}},"9":{"start":{"line":12,"column":0},"end":{"line":12,"column":24}},"10":{"start":{"line":13,"column":0},"end":{"line":13,"column":23}},"11":{"start":{"line":16,"column":0},"end":{"line":16,"column":17}},"12":{"start":{"line":18,"column":0},"end":{"line":20,"column":3}},"13":{"start":{"line":19,"column":4},"end":{"line":19,"column":41}},"14":{"start":{"line":22,"column":0},"end":{"line":22,"column":31}},"15":{"start":{"line":23,"column":0},"end":{"line":23,"column":27}},"16":{"start":{"line":24,"column":0},"end":{"line":24,"column":20}},"17":{"start":{"line":25,"column":0},"end":{"line":25,"column":20}},"18":{"start":{"line":26,"column":0},"end":{"line":26,"column":21}},"19":{"start":{"line":29,"column":0},"end":{"line":35,"column":3}},"20":{"start":{"line":30,"column":4},"end":{"line":30,"column":21}},"21":{"start":{"line":31,"column":4},"end":{"line":34,"column":7}},"22":{"start":{"line":37,"column":0},"end":{"line":42,"column":3}},"23":{"start":{"line":38,"column":4},"end":{"line":41,"column":7}},"24":{"start":{"line":44,"column":0},"end":{"line":44,"column":21}}},"fnMap":{"0":{"name":"(anonymous_0)","decl":{"start":{"line":18,"column":13},"end":{"line":18,"column":14}},"loc":{"start":{"line":18,"column":27},"end":{"line":20,"column":1}},"line":18},"1":{"name":"(anonymous_1)","decl":{"start":{"line":29,"column":8},"end":{"line":29,"column":9}},"loc":{"start":{"line":29,"column":33},"end":{"line":35,"column":1}},"line":29},"2":{"name":"(anonymous_2)","decl":{"start":{"line":37,"column":8},"end":{"line":37,"column":9}},"loc":{"start":{"line":37,"column":22},"end":{"line":42,"column":1}},"line":37}},"branchMap":{},"s":{"0":4,"1":4,"2":4,"3":4,"4":4,"5":4,"6":4,"7":4,"8":4,"9":4,"10":4,"11":4,"12":4,"13":0,"14":4,"15":4,"16":4,"17":4,"18":4,"19":4,"20":5,"21":5,"22":4,"23":0,"24":4},"f":{"0":0,"1":5,"2":0},"b":{},"_coverageSchema":"1a1c01bbd47fc00a2c39e90264f33305004495a9","hash":"118a4a91d3c86b19cd49c87ccddb070952a673d0"}
,"C:\\Users\\Lenov\\Documents\\IT\\Binar Academy Back End Javascript Bootcamp\\Project\\challange-platinum\\config\\config.js": {"path":"C:\\Users\\Lenov\\Documents\\IT\\Binar Academy Back End Javascript Bootcamp\\Project\\challange-platinum\\config\\config.js","statementMap":{"0":{"start":{"line":1,"column":0},"end":{"line":1,"column":27}},"1":{"start":{"line":3,"column":0},"end":{"line":25,"column":2}}},"fnMap":{},"branchMap":{},"s":{"0":2,"1":2},"f":{},"b":{},"_coverageSchema":"1a1c01bbd47fc00a2c39e90264f33305004495a9","hash":"a7ded0873051c044c51ed303ea9a88e69a645c91"}
,"C:\\Users\\Lenov\\Documents\\IT\\Binar Academy Back End Javascript Bootcamp\\Project\\challange-platinum\\controller\\auth.js": {"path":"C:\\Users\\Lenov\\Documents\\IT\\Binar Academy Back End Javascript Bootcamp\\Project\\challange-platinum\\controller\\auth.js","statementMap":{"0":{"start":{"line":1,"column":0},"end":{"line":1,"column":27}},"1":{"start":{"line":3,"column":32},"end":{"line":3,"column":52}},"2":{"start":{"line":4,"column":11},"end":{"line":4,"column":24}},"3":{"start":{"line":5,"column":15},"end":{"line":5,"column":32}},"4":{"start":{"line":7,"column":43},"end":{"line":7,"column":70}},"5":{"start":{"line":8,"column":22},"end":{"line":8,"column":54}},"6":{"start":{"line":9,"column":24},"end":{"line":9,"column":48}},"7":{"start":{"line":10,"column":24},"end":{"line":10,"column":59}},"8":{"start":{"line":11,"column":29},"end":{"line":11,"column":54}},"9":{"start":{"line":15,"column":19},"end":{"line":15,"column":73}},"10":{"start":{"line":18,"column":4},"end":{"line":81,"column":5}},"11":{"start":{"line":29,"column":12},"end":{"line":29,"column":20}},"12":{"start":{"line":31,"column":8},"end":{"line":33,"column":9}},"13":{"start":{"line":32,"column":12},"end":{"line":32,"column":90}},"14":{"start":{"line":36,"column":8},"end":{"line":38,"column":9}},"15":{"start":{"line":37,"column":12},"end":{"line":37,"column":88}},"16":{"start":{"line":41,"column":25},"end":{"line":41,"column":66}},"17":{"start":{"line":42,"column":8},"end":{"line":44,"column":9}},"18":{"start":{"line":43,"column":12},"end":{"line":43,"column":88}},"19":{"start":{"line":46,"column":31},"end":{"line":46,"column":62}},"20":{"start":{"line":48,"column":21},"end":{"line":55,"column":10}},"21":{"start":{"line":56,"column":8},"end":{"line":62,"column":11}},"22":{"start":{"line":65,"column":33},"end":{"line":65,"column":97}},"23":{"start":{"line":68,"column":28},"end":{"line":68,"column":88}},"24":{"start":{"line":71,"column":8},"end":{"line":71,"column":38}},"25":{"start":{"line":73,"column":8},"end":{"line":78,"column":10}},"26":{"start":{"line":80,"column":8},"end":{"line":80,"column":20}},"27":{"start":{"line":85,"column":4},"end":{"line":114,"column":5}},"28":{"start":{"line":86,"column":36},"end":{"line":86,"column":44}},"29":{"start":{"line":88,"column":21},"end":{"line":88,"column":62}},"30":{"start":{"line":89,"column":8},"end":{"line":95,"column":9}},"31":{"start":{"line":90,"column":29},"end":{"line":90,"column":71}},"32":{"start":{"line":91,"column":12},"end":{"line":91,"column":50}},"33":{"start":{"line":92,"column":15},"end":{"line":95,"column":9}},"34":{"start":{"line":93,"column":29},"end":{"line":93,"column":80}},"35":{"start":{"line":94,"column":12},"end":{"line":94,"column":50}},"36":{"start":{"line":97,"column":28},"end":{"line":97,"column":73}},"37":{"start":{"line":98,"column":8},"end":{"line":111,"column":9}},"38":{"start":{"line":100,"column":26},"end":{"line":100,"column":48}},"39":{"start":{"line":102,"column":29},"end":{"line":105,"column":14}},"40":{"start":{"line":107,"column":12},"end":{"line":107,"column":50}},"41":{"start":{"line":109,"column":29},"end":{"line":109,"column":77}},"42":{"start":{"line":110,"column":12},"end":{"line":110,"column":50}},"43":{"start":{"line":113,"column":8},"end":{"line":113,"column":20}},"44":{"start":{"line":119,"column":4},"end":{"line":142,"column":5}},"45":{"start":{"line":120,"column":24},"end":{"line":120,"column":35}},"46":{"start":{"line":121,"column":28},"end":{"line":121,"column":67}},"47":{"start":{"line":123,"column":8},"end":{"line":139,"column":9}},"48":{"start":{"line":124,"column":12},"end":{"line":124,"column":84}},"49":{"start":{"line":125,"column":15},"end":{"line":139,"column":9}},"50":{"start":{"line":126,"column":12},"end":{"line":130,"column":14}},"51":{"start":{"line":132,"column":12},"end":{"line":132,"column":40}},"52":{"start":{"line":133,"column":12},"end":{"line":133,"column":37}},"53":{"start":{"line":134,"column":12},"end":{"line":138,"column":14}},"54":{"start":{"line":141,"column":8},"end":{"line":141,"column":20}},"55":{"start":{"line":146,"column":4},"end":{"line":168,"column":5}},"56":{"start":{"line":147,"column":26},"end":{"line":147,"column":35}},"57":{"start":{"line":149,"column":21},"end":{"line":154,"column":10}},"58":{"start":{"line":156,"column":8},"end":{"line":159,"column":9}},"59":{"start":{"line":157,"column":29},"end":{"line":157,"column":73}},"60":{"start":{"line":158,"column":12},"end":{"line":158,"column":50}},"61":{"start":{"line":160,"column":8},"end":{"line":160,"column":27}},"62":{"start":{"line":161,"column":8},"end":{"line":161,"column":33}},"63":{"start":{"line":162,"column":8},"end":{"line":162,"column":20}},"64":{"start":{"line":164,"column":25},"end":{"line":164,"column":81}},"65":{"start":{"line":165,"column":8},"end":{"line":165,"column":46}},"66":{"start":{"line":167,"column":8},"end":{"line":167,"column":20}},"67":{"start":{"line":171,"column":0},"end":{"line":171,"column":63}}},"fnMap":{"0":{"name":"register","decl":{"start":{"line":17,"column":15},"end":{"line":17,"column":23}},"loc":{"start":{"line":17,"column":40},"end":{"line":82,"column":1}},"line":17},"1":{"name":"login","decl":{"start":{"line":84,"column":15},"end":{"line":84,"column":20}},"loc":{"start":{"line":84,"column":37},"end":{"line":115,"column":1}},"line":84},"2":{"name":"updateAdmin","decl":{"start":{"line":118,"column":15},"end":{"line":118,"column":26}},"loc":{"start":{"line":118,"column":43},"end":{"line":143,"column":1}},"line":118},"3":{"name":"verifyEmail","decl":{"start":{"line":145,"column":15},"end":{"line":145,"column":26}},"loc":{"start":{"line":145,"column":43},"end":{"line":169,"column":1}},"line":145}},"branchMap":{"0":{"loc":{"start":{"line":31,"column":8},"end":{"line":33,"column":9}},"type":"if","locations":[{"start":{"line":31,"column":8},"end":{"line":33,"column":9}},{"start":{},"end":{}}],"line":31},"1":{"loc":{"start":{"line":31,"column":12},"end":{"line":31,"column":31}},"type":"binary-expr","locations":[{"start":{"line":31,"column":12},"end":{"line":31,"column":18}},{"start":{"line":31,"column":22},"end":{"line":31,"column":31}}],"line":31},"2":{"loc":{"start":{"line":36,"column":8},"end":{"line":38,"column":9}},"type":"if","locations":[{"start":{"line":36,"column":8},"end":{"line":38,"column":9}},{"start":{},"end":{}}],"line":36},"3":{"loc":{"start":{"line":42,"column":8},"end":{"line":44,"column":9}},"type":"if","locations":[{"start":{"line":42,"column":8},"end":{"line":44,"column":9}},{"start":{},"end":{}}],"line":42},"4":{"loc":{"start":{"line":58,"column":21},"end":{"line":58,"column":36}},"type":"binary-expr","locations":[{"start":{"line":58,"column":21},"end":{"line":58,"column":28}},{"start":{"line":58,"column":32},"end":{"line":58,"column":36}}],"line":58},"5":{"loc":{"start":{"line":59,"column":18},"end":{"line":59,"column":30}},"type":"binary-expr","locations":[{"start":{"line":59,"column":18},"end":{"line":59,"column":22}},{"start":{"line":59,"column":26},"end":{"line":59,"column":30}}],"line":59},"6":{"loc":{"start":{"line":60,"column":25},"end":{"line":60,"column":44}},"type":"binary-expr","locations":[{"start":{"line":60,"column":25},"end":{"line":60,"column":36}},{"start":{"line":60,"column":40},"end":{"line":60,"column":44}}],"line":60},"7":{"loc":{"start":{"line":61,"column":26},"end":{"line":61,"column":46}},"type":"binary-expr","locations":[{"start":{"line":61,"column":26},"end":{"line":61,"column":38}},{"start":{"line":61,"column":42},"end":{"line":61,"column":46}}],"line":61},"8":{"loc":{"start":{"line":89,"column":8},"end":{"line":95,"column":9}},"type":"if","locations":[{"start":{"line":89,"column":8},"end":{"line":95,"column":9}},{"start":{"line":92,"column":15},"end":{"line":95,"column":9}}],"line":89},"9":{"loc":{"start":{"line":92,"column":15},"end":{"line":95,"column":9}},"type":"if","locations":[{"start":{"line":92,"column":15},"end":{"line":95,"column":9}},{"start":{},"end":{}}],"line":92},"10":{"loc":{"start":{"line":98,"column":8},"end":{"line":111,"column":9}},"type":"if","locations":[{"start":{"line":98,"column":8},"end":{"line":111,"column":9}},{"start":{"line":108,"column":15},"end":{"line":111,"column":9}}],"line":98},"11":{"loc":{"start":{"line":123,"column":8},"end":{"line":139,"column":9}},"type":"if","locations":[{"start":{"line":123,"column":8},"end":{"line":139,"column":9}},{"start":{"line":125,"column":15},"end":{"line":139,"column":9}}],"line":123},"12":{"loc":{"start":{"line":125,"column":15},"end":{"line":139,"column":9}},"type":"if","locations":[{"start":{"line":125,"column":15},"end":{"line":139,"column":9}},{"start":{"line":131,"column":15},"end":{"line":139,"column":9}}],"line":125},"13":{"loc":{"start":{"line":156,"column":8},"end":{"line":159,"column":9}},"type":"if","locations":[{"start":{"line":156,"column":8},"end":{"line":159,"column":9}},{"start":{},"end":{}}],"line":156}},"s":{"0":4,"1":4,"2":4,"3":4,"4":4,"5":4,"6":4,"7":4,"8":4,"9":4,"10":15,"11":15,"12":15,"13":5,"14":10,"15":3,"16":7,"17":7,"18":3,"19":4,"20":4,"21":3,"22":3,"23":3,"24":3,"25":3,"26":1,"27":12,"28":12,"29":12,"30":11,"31":3,"32":3,"33":8,"34":2,"35":2,"36":6,"37":6,"38":3,"39":3,"40":3,"41":3,"42":3,"43":1,"44":0,"45":0,"46":0,"47":0,"48":0,"49":0,"50":0,"51":0,"52":0,"53":0,"54":0,"55":1,"56":1,"57":1,"58":1,"59":0,"60":0,"61":1,"62":1,"63":1,"64":1,"65":1,"66":0,"67":4},"f":{"0":15,"1":12,"2":0,"3":1},"b":{"0":[5,10],"1":[15,12],"2":[3,7],"3":[3,4],"4":[3,0],"5":[3,0],"6":[3,0],"7":[3,0],"8":[3,8],"9":[2,6],"10":[3,3],"11":[0,0],"12":[0,0],"13":[0,1]},"_coverageSchema":"1a1c01bbd47fc00a2c39e90264f33305004495a9","hash":"ea395407eacc5a0a397b166740f62b82f1b71b77"}
,"C:\\Users\\Lenov\\Documents\\IT\\Binar Academy Back End Javascript Bootcamp\\Project\\challange-platinum\\controller\\chats.js": {"path":"C:\\Users\\Lenov\\Documents\\IT\\Binar Academy Back End Javascript Bootcamp\\Project\\challange-platinum\\controller\\chats.js","statementMap":{"0":{"start":{"line":1,"column":29},"end":{"line":1,"column":66}},"1":{"start":{"line":2,"column":15},"end":{"line":2,"column":35}},"2":{"start":{"line":3,"column":22},"end":{"line":3,"column":42}},"3":{"start":{"line":4,"column":50},"end":{"line":4,"column":70}},"4":{"start":{"line":5,"column":28},"end":{"line":5,"column":55}},"5":{"start":{"line":7,"column":20},"end":{"line":98,"column":1}},"6":{"start":{"line":7,"column":36},"end":{"line":98,"column":1}},"7":{"start":{"line":8,"column":17},"end":{"line":8,"column":73}},"8":{"start":{"line":9,"column":17},"end":{"line":9,"column":24}},"9":{"start":{"line":12,"column":18},"end":{"line":16,"column":6}},"10":{"start":{"line":17,"column":23},"end":{"line":17,"column":68}},"11":{"start":{"line":20,"column":22},"end":{"line":24,"column":6}},"12":{"start":{"line":26,"column":4},"end":{"line":29,"column":5}},"13":{"start":{"line":27,"column":8},"end":{"line":27,"column":54}},"14":{"start":{"line":28,"column":8},"end":{"line":28,"column":15}},"15":{"start":{"line":31,"column":15},"end":{"line":40,"column":5}},"16":{"start":{"line":42,"column":17},"end":{"line":42,"column":57}},"17":{"start":{"line":44,"column":4},"end":{"line":74,"column":5}},"18":{"start":{"line":45,"column":24},"end":{"line":45,"column":44}},"19":{"start":{"line":47,"column":8},"end":{"line":47,"column":28}},"20":{"start":{"line":49,"column":8},"end":{"line":52,"column":11}},"21":{"start":{"line":55,"column":31},"end":{"line":55,"column":67}},"22":{"start":{"line":56,"column":32},"end":{"line":62,"column":10}},"23":{"start":{"line":64,"column":8},"end":{"line":73,"column":9}},"24":{"start":{"line":65,"column":12},"end":{"line":69,"column":15}},"25":{"start":{"line":71,"column":12},"end":{"line":71,"column":32}},"26":{"start":{"line":72,"column":12},"end":{"line":72,"column":65}},"27":{"start":{"line":76,"column":25},"end":{"line":82,"column":6}},"28":{"start":{"line":84,"column":4},"end":{"line":97,"column":5}},"29":{"start":{"line":85,"column":8},"end":{"line":89,"column":11}},"30":{"start":{"line":91,"column":8},"end":{"line":91,"column":28}},"31":{"start":{"line":92,"column":8},"end":{"line":92,"column":51}},"32":{"start":{"line":94,"column":8},"end":{"line":96,"column":11}},"33":{"start":{"line":95,"column":12},"end":{"line":95,"column":64}},"34":{"start":{"line":100,"column":20},"end":{"line":126,"column":1}},"35":{"start":{"line":101,"column":4},"end":{"line":125,"column":5}},"36":{"start":{"line":102,"column":28},"end":{"line":102,"column":37}},"37":{"start":{"line":104,"column":30},"end":{"line":109,"column":10}},"38":{"start":{"line":111,"column":31},"end":{"line":111,"column":67}},"39":{"start":{"line":111,"column":59},"end":{"line":111,"column":66}},"40":{"start":{"line":113,"column":25},"end":{"line":120,"column":10}},"41":{"start":{"line":122,"column":8},"end":{"line":122,"column":83}},"42":{"start":{"line":124,"column":8},"end":{"line":124,"column":20}},"43":{"start":{"line":128,"column":0},"end":{"line":128,"column":46}}},"fnMap":{"0":{"name":"(anonymous_0)","decl":{"start":{"line":7,"column":20},"end":{"line":7,"column":21}},"loc":{"start":{"line":7,"column":36},"end":{"line":98,"column":1}},"line":7},"1":{"name":"(anonymous_1)","decl":{"start":{"line":7,"column":36},"end":{"line":7,"column":37}},"loc":{"start":{"line":7,"column":55},"end":{"line":98,"column":1}},"line":7},"2":{"name":"(anonymous_2)","decl":{"start":{"line":94,"column":32},"end":{"line":94,"column":33}},"loc":{"start":{"line":94,"column":44},"end":{"line":96,"column":9}},"line":94},"3":{"name":"(anonymous_3)","decl":{"start":{"line":100,"column":20},"end":{"line":100,"column":21}},"loc":{"start":{"line":100,"column":46},"end":{"line":126,"column":1}},"line":100},"4":{"name":"(anonymous_4)","decl":{"start":{"line":111,"column":49},"end":{"line":111,"column":50}},"loc":{"start":{"line":111,"column":59},"end":{"line":111,"column":66}},"line":111}},"branchMap":{"0":{"loc":{"start":{"line":17,"column":23},"end":{"line":17,"column":68}},"type":"binary-expr","locations":[{"start":{"line":17,"column":23},"end":{"line":17,"column":56}},{"start":{"line":17,"column":60},"end":{"line":17,"column":68}}],"line":17},"1":{"loc":{"start":{"line":26,"column":4},"end":{"line":29,"column":5}},"type":"if","locations":[{"start":{"line":26,"column":4},"end":{"line":29,"column":5}},{"start":{},"end":{}}],"line":26},"2":{"loc":{"start":{"line":42,"column":17},"end":{"line":42,"column":57}},"type":"cond-expr","locations":[{"start":{"line":42,"column":35},"end":{"line":42,"column":50}},{"start":{"line":42,"column":53},"end":{"line":42,"column":57}}],"line":42},"3":{"loc":{"start":{"line":44,"column":4},"end":{"line":74,"column":5}},"type":"if","locations":[{"start":{"line":44,"column":4},"end":{"line":74,"column":5}},{"start":{},"end":{}}],"line":44},"4":{"loc":{"start":{"line":64,"column":8},"end":{"line":73,"column":9}},"type":"if","locations":[{"start":{"line":64,"column":8},"end":{"line":73,"column":9}},{"start":{},"end":{}}],"line":64},"5":{"loc":{"start":{"line":84,"column":4},"end":{"line":97,"column":5}},"type":"if","locations":[{"start":{"line":84,"column":4},"end":{"line":97,"column":5}},{"start":{},"end":{}}],"line":84}},"s":{"0":4,"1":4,"2":4,"3":4,"4":4,"5":4,"6":0,"7":0,"8":0,"9":0,"10":0,"11":0,"12":0,"13":0,"14":0,"15":0,"16":0,"17":0,"18":0,"19":0,"20":0,"21":0,"22":0,"23":0,"24":0,"25":0,"26":0,"27":0,"28":0,"29":0,"30":0,"31":0,"32":0,"33":0,"34":4,"35":0,"36":0,"37":0,"38":0,"39":0,"40":0,"41":0,"42":0,"43":4},"f":{"0":0,"1":0,"2":0,"3":0,"4":0},"b":{"0":[0,0],"1":[0,0],"2":[0,0],"3":[0,0],"4":[0,0],"5":[0,0]},"_coverageSchema":"1a1c01bbd47fc00a2c39e90264f33305004495a9","hash":"f5717a741b69bb179c482cb6593ed93ed3679c72"}
,"C:\\Users\\Lenov\\Documents\\IT\\Binar Academy Back End Javascript Bootcamp\\Project\\challange-platinum\\controller\\item.js": {"path":"C:\\Users\\Lenov\\Documents\\IT\\Binar Academy Back End Javascript Bootcamp\\Project\\challange-platinum\\controller\\item.js","statementMap":{"0":{"start":{"line":1,"column":43},"end":{"line":1,"column":70}},"1":{"start":{"line":2,"column":18},"end":{"line":2,"column":38}},"2":{"start":{"line":3,"column":29},"end":{"line":3,"column":61}},"3":{"start":{"line":6,"column":4},"end":{"line":48,"column":5}},"4":{"start":{"line":8,"column":72},"end":{"line":8,"column":80}},"5":{"start":{"line":11,"column":8},"end":{"line":14,"column":9}},"6":{"start":{"line":12,"column":29},"end":{"line":12,"column":79}},"7":{"start":{"line":13,"column":12},"end":{"line":13,"column":50}},"8":{"start":{"line":16,"column":8},"end":{"line":19,"column":9}},"9":{"start":{"line":17,"column":29},"end":{"line":17,"column":78}},"10":{"start":{"line":18,"column":12},"end":{"line":18,"column":50}},"11":{"start":{"line":22,"column":21},"end":{"line":22,"column":23}},"12":{"start":{"line":26,"column":8},"end":{"line":34,"column":9}},"13":{"start":{"line":26,"column":21},"end":{"line":26,"column":22}},"14":{"start":{"line":27,"column":12},"end":{"line":33,"column":13}},"15":{"start":{"line":28,"column":35},"end":{"line":28,"column":76}},"16":{"start":{"line":29,"column":16},"end":{"line":29,"column":42}},"17":{"start":{"line":31,"column":16},"end":{"line":31,"column":62}},"18":{"start":{"line":32,"column":16},"end":{"line":32,"column":82}},"19":{"start":{"line":36,"column":29},"end":{"line":42,"column":10}},"20":{"start":{"line":43,"column":25},"end":{"line":43,"column":87}},"21":{"start":{"line":44,"column":8},"end":{"line":44,"column":46}},"22":{"start":{"line":46,"column":8},"end":{"line":46,"column":27}},"23":{"start":{"line":47,"column":8},"end":{"line":47,"column":20}},"24":{"start":{"line":52,"column":4},"end":{"line":86,"column":5}},"25":{"start":{"line":53,"column":19},"end":{"line":53,"column":33}},"26":{"start":{"line":62,"column":12},"end":{"line":62,"column":20}},"27":{"start":{"line":63,"column":21},"end":{"line":67,"column":10}},"28":{"start":{"line":68,"column":8},"end":{"line":71,"column":9}},"29":{"start":{"line":69,"column":29},"end":{"line":69,"column":70}},"30":{"start":{"line":70,"column":12},"end":{"line":70,"column":50}},"31":{"start":{"line":72,"column":8},"end":{"line":72,"column":53}},"32":{"start":{"line":73,"column":8},"end":{"line":73,"column":56}},"33":{"start":{"line":74,"column":8},"end":{"line":74,"column":56}},"34":{"start":{"line":75,"column":8},"end":{"line":75,"column":74}},"35":{"start":{"line":76,"column":8},"end":{"line":76,"column":56}},"36":{"start":{"line":77,"column":8},"end":{"line":77,"column":56}},"37":{"start":{"line":78,"column":8},"end":{"line":78,"column":53}},"38":{"start":{"line":80,"column":8},"end":{"line":80,"column":26}},"39":{"start":{"line":82,"column":25},"end":{"line":82,"column":79}},"40":{"start":{"line":83,"column":8},"end":{"line":83,"column":46}},"41":{"start":{"line":85,"column":8},"end":{"line":85,"column":20}},"42":{"start":{"line":90,"column":4},"end":{"line":105,"column":5}},"43":{"start":{"line":91,"column":19},"end":{"line":91,"column":33}},"44":{"start":{"line":92,"column":21},"end":{"line":96,"column":10}},"45":{"start":{"line":97,"column":8},"end":{"line":100,"column":9}},"46":{"start":{"line":98,"column":29},"end":{"line":98,"column":70}},"47":{"start":{"line":99,"column":12},"end":{"line":99,"column":50}},"48":{"start":{"line":101,"column":25},"end":{"line":101,"column":75}},"49":{"start":{"line":102,"column":8},"end":{"line":102,"column":46}},"50":{"start":{"line":104,"column":8},"end":{"line":104,"column":20}},"51":{"start":{"line":109,"column":4},"end":{"line":116,"column":5}},"52":{"start":{"line":110,"column":21},"end":{"line":110,"column":42}},"53":{"start":{"line":111,"column":25},"end":{"line":111,"column":79}},"54":{"start":{"line":113,"column":8},"end":{"line":113,"column":46}},"55":{"start":{"line":115,"column":8},"end":{"line":115,"column":20}},"56":{"start":{"line":120,"column":4},"end":{"line":138,"column":5}},"57":{"start":{"line":121,"column":19},"end":{"line":121,"column":33}},"58":{"start":{"line":122,"column":21},"end":{"line":122,"column":45}},"59":{"start":{"line":124,"column":8},"end":{"line":127,"column":9}},"60":{"start":{"line":125,"column":29},"end":{"line":125,"column":89}},"61":{"start":{"line":126,"column":12},"end":{"line":126,"column":50}},"62":{"start":{"line":129,"column":8},"end":{"line":133,"column":11}},"63":{"start":{"line":135,"column":8},"end":{"line":135,"column":80}},"64":{"start":{"line":137,"column":8},"end":{"line":137,"column":20}},"65":{"start":{"line":141,"column":0},"end":{"line":141,"column":77}}},"fnMap":{"0":{"name":"createItem","decl":{"start":{"line":5,"column":15},"end":{"line":5,"column":25}},"loc":{"start":{"line":5,"column":42},"end":{"line":49,"column":1}},"line":5},"1":{"name":"updateItem","decl":{"start":{"line":51,"column":15},"end":{"line":51,"column":25}},"loc":{"start":{"line":51,"column":42},"end":{"line":87,"column":1}},"line":51},"2":{"name":"getItem","decl":{"start":{"line":89,"column":15},"end":{"line":89,"column":22}},"loc":{"start":{"line":89,"column":39},"end":{"line":106,"column":1}},"line":89},"3":{"name":"getAllItem","decl":{"start":{"line":108,"column":15},"end":{"line":108,"column":25}},"loc":{"start":{"line":108,"column":42},"end":{"line":117,"column":1}},"line":108},"4":{"name":"deleteItem","decl":{"start":{"line":119,"column":15},"end":{"line":119,"column":25}},"loc":{"start":{"line":119,"column":42},"end":{"line":139,"column":1}},"line":119}},"branchMap":{"0":{"loc":{"start":{"line":11,"column":8},"end":{"line":14,"column":9}},"type":"if","locations":[{"start":{"line":11,"column":8},"end":{"line":14,"column":9}},{"start":{},"end":{}}],"line":11},"1":{"loc":{"start":{"line":11,"column":12},"end":{"line":11,"column":48}},"type":"binary-expr","locations":[{"start":{"line":11,"column":12},"end":{"line":11,"column":22}},{"start":{"line":11,"column":26},"end":{"line":11,"column":48}}],"line":11},"2":{"loc":{"start":{"line":16,"column":8},"end":{"line":19,"column":9}},"type":"if","locations":[{"start":{"line":16,"column":8},"end":{"line":19,"column":9}},{"start":{},"end":{}}],"line":16},"3":{"loc":{"start":{"line":16,"column":12},"end":{"line":16,"column":37}},"type":"binary-expr","locations":[{"start":{"line":16,"column":12},"end":{"line":16,"column":22}},{"start":{"line":16,"column":26},"end":{"line":16,"column":37}}],"line":16},"4":{"loc":{"start":{"line":68,"column":8},"end":{"line":71,"column":9}},"type":"if","locations":[{"start":{"line":68,"column":8},"end":{"line":71,"column":9}},{"start":{},"end":{}}],"line":68},"5":{"loc":{"start":{"line":72,"column":25},"end":{"line":72,"column":52}},"type":"binary-expr","locations":[{"start":{"line":72,"column":25},"end":{"line":72,"column":34}},{"start":{"line":72,"column":38},"end":{"line":72,"column":52}}],"line":72},"6":{"loc":{"start":{"line":73,"column":26},"end":{"line":73,"column":55}},"type":"binary-expr","locations":[{"start":{"line":73,"column":26},"end":{"line":73,"column":36}},{"start":{"line":73,"column":40},"end":{"line":73,"column":55}}],"line":73},"7":{"loc":{"start":{"line":74,"column":26},"end":{"line":74,"column":55}},"type":"binary-expr","locations":[{"start":{"line":74,"column":26},"end":{"line":74,"column":36}},{"start":{"line":74,"column":40},"end":{"line":74,"column":55}}],"line":74},"8":{"loc":{"start":{"line":75,"column":32},"end":{"line":75,"column":73}},"type":"binary-expr","locations":[{"start":{"line":75,"column":32},"end":{"line":75,"column":48}},{"start":{"line":75,"column":52},"end":{"line":75,"column":73}}],"line":75},"9":{"loc":{"start":{"line":76,"column":26},"end":{"line":76,"column":55}},"type":"binary-expr","locations":[{"start":{"line":76,"column":26},"end":{"line":76,"column":36}},{"start":{"line":76,"column":40},"end":{"line":76,"column":55}}],"line":76},"10":{"loc":{"start":{"line":77,"column":26},"end":{"line":77,"column":55}},"type":"binary-expr","locations":[{"start":{"line":77,"column":26},"end":{"line":77,"column":36}},{"start":{"line":77,"column":40},"end":{"line":77,"column":55}}],"line":77},"11":{"loc":{"start":{"line":78,"column":25},"end":{"line":78,"column":52}},"type":"binary-expr","locations":[{"start":{"line":78,"column":25},"end":{"line":78,"column":34}},{"start":{"line":78,"column":38},"end":{"line":78,"column":52}}],"line":78},"12":{"loc":{"start":{"line":97,"column":8},"end":{"line":100,"column":9}},"type":"if","locations":[{"start":{"line":97,"column":8},"end":{"line":100,"column":9}},{"start":{},"end":{}}],"line":97},"13":{"loc":{"start":{"line":124,"column":8},"end":{"line":127,"column":9}},"type":"if","locations":[{"start":{"line":124,"column":8},"end":{"line":127,"column":9}},{"start":{},"end":{}}],"line":124}},"s":{"0":4,"1":4,"2":4,"3":3,"4":3,"5":3,"6":1,"7":1,"8":2,"9":1,"10":1,"11":1,"12":1,"13":1,"14":1,"15":1,"16":1,"17":0,"18":0,"19":1,"20":1,"21":1,"22":0,"23":0,"24":0,"25":0,"26":0,"27":0,"28":0,"29":0,"30":0,"31":0,"32":0,"33":0,"34":0,"35":0,"36":0,"37":0,"38":0,"39":0,"40":0,"41":0,"42":0,"43":0,"44":0,"45":0,"46":0,"47":0,"48":0,"49":0,"50":0,"51":0,"52":0,"53":0,"54":0,"55":0,"56":0,"57":0,"58":0,"59":0,"60":0,"61":0,"62":0,"63":0,"64":0,"65":4},"f":{"0":3,"1":0,"2":0,"3":0,"4":0},"b":{"0":[1,2],"1":[3,3],"2":[1,1],"3":[2,1],"4":[0,0],"5":[0,0],"6":[0,0],"7":[0,0],"8":[0,0],"9":[0,0],"10":[0,0],"11":[0,0],"12":[0,0],"13":[0,0]},"_coverageSchema":"1a1c01bbd47fc00a2c39e90264f33305004495a9","hash":"c17a0d20c3328c70ffdcf5e78133c098de8b74ee"}
,"C:\\Users\\Lenov\\Documents\\IT\\Binar Academy Back End Javascript Bootcamp\\Project\\challange-platinum\\controller\\order.js": {"path":"C:\\Users\\Lenov\\Documents\\IT\\Binar Academy Back End Javascript Bootcamp\\Project\\challange-platinum\\controller\\order.js","statementMap":{"0":{"start":{"line":1,"column":22},"end":{"line":1,"column":48}},"1":{"start":{"line":2,"column":43},"end":{"line":2,"column":70}},"2":{"start":{"line":3,"column":32},"end":{"line":3,"column":52}},"3":{"start":{"line":6,"column":24},"end":{"line":6,"column":53}},"4":{"start":{"line":8,"column":4},"end":{"line":74,"column":5}},"5":{"start":{"line":9,"column":24},"end":{"line":9,"column":35}},"6":{"start":{"line":10,"column":38},"end":{"line":10,"column":46}},"7":{"start":{"line":13,"column":8},"end":{"line":16,"column":9}},"8":{"start":{"line":14,"column":29},"end":{"line":14,"column":85}},"9":{"start":{"line":15,"column":12},"end":{"line":15,"column":50}},"10":{"start":{"line":19,"column":21},"end":{"line":19,"column":67}},"11":{"start":{"line":20,"column":8},"end":{"line":22,"column":9}},"12":{"start":{"line":21,"column":12},"end":{"line":21,"column":82}},"13":{"start":{"line":24,"column":8},"end":{"line":26,"column":9}},"14":{"start":{"line":25,"column":12},"end":{"line":25,"column":85}},"15":{"start":{"line":29,"column":29},"end":{"line":29,"column":55}},"16":{"start":{"line":30,"column":34},"end":{"line":30,"column":50}},"17":{"start":{"line":33,"column":22},"end":{"line":40,"column":9}},"18":{"start":{"line":43,"column":29},"end":{"line":43,"column":55}},"19":{"start":{"line":44,"column":8},"end":{"line":44,"column":73}},"20":{"start":{"line":47,"column":8},"end":{"line":50,"column":11}},"21":{"start":{"line":53,"column":30},"end":{"line":64,"column":10}},"22":{"start":{"line":67,"column":8},"end":{"line":67,"column":35}},"23":{"start":{"line":68,"column":25},"end":{"line":68,"column":94}},"24":{"start":{"line":70,"column":8},"end":{"line":70,"column":46}},"25":{"start":{"line":72,"column":8},"end":{"line":72,"column":37}},"26":{"start":{"line":73,"column":8},"end":{"line":73,"column":20}},"27":{"start":{"line":78,"column":4},"end":{"line":94,"column":5}},"28":{"start":{"line":79,"column":29},"end":{"line":79,"column":37}},"29":{"start":{"line":80,"column":28},"end":{"line":80,"column":76}},"30":{"start":{"line":82,"column":8},"end":{"line":85,"column":9}},"31":{"start":{"line":83,"column":29},"end":{"line":83,"column":71}},"32":{"start":{"line":84,"column":12},"end":{"line":84,"column":50}},"33":{"start":{"line":87,"column":8},"end":{"line":87,"column":45}},"34":{"start":{"line":89,"column":8},"end":{"line":89,"column":33}},"35":{"start":{"line":90,"column":25},"end":{"line":90,"column":87}},"36":{"start":{"line":91,"column":8},"end":{"line":91,"column":39}},"37":{"start":{"line":93,"column":8},"end":{"line":93,"column":20}},"38":{"start":{"line":98,"column":4},"end":{"line":122,"column":5}},"39":{"start":{"line":99,"column":29},"end":{"line":99,"column":38}},"40":{"start":{"line":102,"column":22},"end":{"line":112,"column":10}},"41":{"start":{"line":114,"column":8},"end":{"line":117,"column":9}},"42":{"start":{"line":115,"column":29},"end":{"line":115,"column":71}},"43":{"start":{"line":116,"column":12},"end":{"line":116,"column":50}},"44":{"start":{"line":118,"column":25},"end":{"line":118,"column":78}},"45":{"start":{"line":119,"column":8},"end":{"line":119,"column":39}},"46":{"start":{"line":121,"column":8},"end":{"line":121,"column":20}},"47":{"start":{"line":125,"column":0},"end":{"line":125,"column":64}}},"fnMap":{"0":{"name":"createOrder","decl":{"start":{"line":5,"column":15},"end":{"line":5,"column":26}},"loc":{"start":{"line":5,"column":43},"end":{"line":75,"column":1}},"line":5},"1":{"name":"orderSuccess","decl":{"start":{"line":77,"column":15},"end":{"line":77,"column":27}},"loc":{"start":{"line":77,"column":44},"end":{"line":95,"column":1}},"line":77},"2":{"name":"getOrderDetails","decl":{"start":{"line":97,"column":15},"end":{"line":97,"column":30}},"loc":{"start":{"line":97,"column":47},"end":{"line":123,"column":1}},"line":97}},"branchMap":{"0":{"loc":{"start":{"line":13,"column":8},"end":{"line":16,"column":9}},"type":"if","locations":[{"start":{"line":13,"column":8},"end":{"line":16,"column":9}},{"start":{},"end":{}}],"line":13},"1":{"loc":{"start":{"line":13,"column":12},"end":{"line":13,"column":38}},"type":"binary-expr","locations":[{"start":{"line":13,"column":12},"end":{"line":13,"column":21}},{"start":{"line":13,"column":25},"end":{"line":13,"column":38}}],"line":13},"2":{"loc":{"start":{"line":20,"column":8},"end":{"line":22,"column":9}},"type":"if","locations":[{"start":{"line":20,"column":8},"end":{"line":22,"column":9}},{"start":{},"end":{}}],"line":20},"3":{"loc":{"start":{"line":24,"column":8},"end":{"line":26,"column":9}},"type":"if","locations":[{"start":{"line":24,"column":8},"end":{"line":26,"column":9}},{"start":{},"end":{}}],"line":24},"4":{"loc":{"start":{"line":24,"column":12},"end":{"line":24,"column":63}},"type":"binary-expr","locations":[{"start":{"line":24,"column":12},"end":{"line":24,"column":33}},{"start":{"line":24,"column":37},"end":{"line":24,"column":63}}],"line":24},"5":{"loc":{"start":{"line":82,"column":8},"end":{"line":85,"column":9}},"type":"if","locations":[{"start":{"line":82,"column":8},"end":{"line":85,"column":9}},{"start":{},"end":{}}],"line":82},"6":{"loc":{"start":{"line":114,"column":8},"end":{"line":117,"column":9}},"type":"if","locations":[{"start":{"line":114,"column":8},"end":{"line":117,"column":9}},{"start":{},"end":{}}],"line":114}},"s":{"0":4,"1":4,"2":4,"3":9,"4":9,"5":9,"6":9,"7":9,"8":2,"9":2,"10":7,"11":6,"12":2,"13":4,"14":2,"15":2,"16":2,"17":2,"18":2,"19":2,"20":2,"21":2,"22":2,"23":2,"24":2,"25":1,"26":1,"27":5,"28":5,"29":5,"30":4,"31":2,"32":2,"33":2,"34":2,"35":2,"36":2,"37":1,"38":5,"39":5,"40":5,"41":4,"42":2,"43":2,"44":2,"45":2,"46":1,"47":4},"f":{"0":9,"1":5,"2":5},"b":{"0":[2,7],"1":[9,7],"2":[2,4],"3":[2,2],"4":[4,4],"5":[2,2],"6":[2,2]},"_coverageSchema":"1a1c01bbd47fc00a2c39e90264f33305004495a9","hash":"f35a417aa36d1253b76e5fad7f217a51a91fe69f"}
,"C:\\Users\\Lenov\\Documents\\IT\\Binar Academy Back End Javascript Bootcamp\\Project\\challange-platinum\\controller\\user.js": {"path":"C:\\Users\\Lenov\\Documents\\IT\\Binar Academy Back End Javascript Bootcamp\\Project\\challange-platinum\\controller\\user.js","statementMap":{"0":{"start":{"line":1,"column":43},"end":{"line":1,"column":70}},"1":{"start":{"line":2,"column":32},"end":{"line":2,"column":52}},"2":{"start":{"line":3,"column":15},"end":{"line":3,"column":32}},"3":{"start":{"line":6,"column":4},"end":{"line":20,"column":5}},"4":{"start":{"line":7,"column":21},"end":{"line":16,"column":10}},"5":{"start":{"line":17,"column":8},"end":{"line":17,"column":86}},"6":{"start":{"line":19,"column":8},"end":{"line":19,"column":20}},"7":{"start":{"line":23,"column":4},"end":{"line":45,"column":5}},"8":{"start":{"line":25,"column":19},"end":{"line":25,"column":33}},"9":{"start":{"line":28,"column":21},"end":{"line":38,"column":10}},"10":{"start":{"line":39,"column":8},"end":{"line":41,"column":9}},"11":{"start":{"line":40,"column":12},"end":{"line":40,"column":75}},"12":{"start":{"line":42,"column":8},"end":{"line":42,"column":81}},"13":{"start":{"line":44,"column":8},"end":{"line":44,"column":20}},"14":{"start":{"line":49,"column":4},"end":{"line":74,"column":5}},"15":{"start":{"line":50,"column":19},"end":{"line":50,"column":30}},"16":{"start":{"line":51,"column":75},"end":{"line":51,"column":83}},"17":{"start":{"line":53,"column":21},"end":{"line":53,"column":59}},"18":{"start":{"line":55,"column":8},"end":{"line":58,"column":9}},"19":{"start":{"line":56,"column":29},"end":{"line":56,"column":70}},"20":{"start":{"line":57,"column":12},"end":{"line":57,"column":50}},"21":{"start":{"line":60,"column":8},"end":{"line":60,"column":56}},"22":{"start":{"line":61,"column":8},"end":{"line":61,"column":53}},"23":{"start":{"line":62,"column":8},"end":{"line":62,"column":41}},"24":{"start":{"line":63,"column":8},"end":{"line":63,"column":83}},"25":{"start":{"line":64,"column":8},"end":{"line":64,"column":41}},"26":{"start":{"line":65,"column":8},"end":{"line":65,"column":47}},"27":{"start":{"line":67,"column":8},"end":{"line":67,"column":26}},"28":{"start":{"line":69,"column":29},"end":{"line":69,"column":83}},"29":{"start":{"line":71,"column":8},"end":{"line":71,"column":43}},"30":{"start":{"line":73,"column":8},"end":{"line":73,"column":20}},"31":{"start":{"line":78,"column":4},"end":{"line":104,"column":5}},"32":{"start":{"line":79,"column":24},"end":{"line":79,"column":35}},"33":{"start":{"line":81,"column":21},"end":{"line":81,"column":71}},"34":{"start":{"line":83,"column":8},"end":{"line":86,"column":9}},"35":{"start":{"line":84,"column":29},"end":{"line":84,"column":70}},"36":{"start":{"line":85,"column":12},"end":{"line":85,"column":50}},"37":{"start":{"line":88,"column":61},"end":{"line":88,"column":69}},"38":{"start":{"line":91,"column":8},"end":{"line":91,"column":47}},"39":{"start":{"line":92,"column":8},"end":{"line":92,"column":38}},"40":{"start":{"line":93,"column":8},"end":{"line":93,"column":59}},"41":{"start":{"line":94,"column":8},"end":{"line":94,"column":62}},"42":{"start":{"line":97,"column":8},"end":{"line":97,"column":26}},"43":{"start":{"line":99,"column":29},"end":{"line":99,"column":91}},"44":{"start":{"line":101,"column":8},"end":{"line":101,"column":43}},"45":{"start":{"line":103,"column":8},"end":{"line":103,"column":20}},"46":{"start":{"line":108,"column":4},"end":{"line":131,"column":5}},"47":{"start":{"line":109,"column":19},"end":{"line":109,"column":33}},"48":{"start":{"line":110,"column":21},"end":{"line":114,"column":10}},"49":{"start":{"line":116,"column":8},"end":{"line":119,"column":9}},"50":{"start":{"line":117,"column":29},"end":{"line":117,"column":89}},"51":{"start":{"line":118,"column":12},"end":{"line":118,"column":50}},"52":{"start":{"line":120,"column":8},"end":{"line":120,"column":10}},"53":{"start":{"line":121,"column":8},"end":{"line":125,"column":11}},"54":{"start":{"line":127,"column":26},"end":{"line":127,"column":75}},"55":{"start":{"line":128,"column":8},"end":{"line":128,"column":40}},"56":{"start":{"line":130,"column":8},"end":{"line":130,"column":20}},"57":{"start":{"line":134,"column":0},"end":{"line":140,"column":2}}},"fnMap":{"0":{"name":"getAll","decl":{"start":{"line":5,"column":15},"end":{"line":5,"column":21}},"loc":{"start":{"line":5,"column":38},"end":{"line":21,"column":1}},"line":5},"1":{"name":"getOne","decl":{"start":{"line":22,"column":15},"end":{"line":22,"column":21}},"loc":{"start":{"line":22,"column":38},"end":{"line":46,"column":1}},"line":22},"2":{"name":"update","decl":{"start":{"line":48,"column":15},"end":{"line":48,"column":21}},"loc":{"start":{"line":48,"column":38},"end":{"line":75,"column":1}},"line":48},"3":{"name":"updateDetail","decl":{"start":{"line":77,"column":15},"end":{"line":77,"column":27}},"loc":{"start":{"line":77,"column":44},"end":{"line":105,"column":1}},"line":77},"4":{"name":"deleted","decl":{"start":{"line":107,"column":15},"end":{"line":107,"column":22}},"loc":{"start":{"line":107,"column":39},"end":{"line":132,"column":1}},"line":107}},"branchMap":{"0":{"loc":{"start":{"line":39,"column":8},"end":{"line":41,"column":9}},"type":"if","locations":[{"start":{"line":39,"column":8},"end":{"line":41,"column":9}},{"start":{},"end":{}}],"line":39},"1":{"loc":{"start":{"line":55,"column":8},"end":{"line":58,"column":9}},"type":"if","locations":[{"start":{"line":55,"column":8},"end":{"line":58,"column":9}},{"start":{},"end":{}}],"line":55},"2":{"loc":{"start":{"line":60,"column":26},"end":{"line":60,"column":55}},"type":"binary-expr","locations":[{"start":{"line":60,"column":26},"end":{"line":60,"column":36}},{"start":{"line":60,"column":40},"end":{"line":60,"column":55}}],"line":60},"3":{"loc":{"start":{"line":61,"column":25},"end":{"line":61,"column":52}},"type":"binary-expr","locations":[{"start":{"line":61,"column":25},"end":{"line":61,"column":34}},{"start":{"line":61,"column":38},"end":{"line":61,"column":52}}],"line":61},"4":{"loc":{"start":{"line":62,"column":21},"end":{"line":62,"column":40}},"type":"binary-expr","locations":[{"start":{"line":62,"column":21},"end":{"line":62,"column":26}},{"start":{"line":62,"column":30},"end":{"line":62,"column":40}}],"line":62},"5":{"loc":{"start":{"line":63,"column":24},"end":{"line":63,"column":82}},"type":"cond-expr","locations":[{"start":{"line":63,"column":35},"end":{"line":63,"column":66}},{"start":{"line":63,"column":69},"end":{"line":63,"column":82}}],"line":63},"6":{"loc":{"start":{"line":64,"column":21},"end":{"line":64,"column":40}},"type":"binary-expr","locations":[{"start":{"line":64,"column":21},"end":{"line":64,"column":26}},{"start":{"line":64,"column":30},"end":{"line":64,"column":40}}],"line":64},"7":{"loc":{"start":{"line":65,"column":23},"end":{"line":65,"column":46}},"type":"binary-expr","locations":[{"start":{"line":65,"column":23},"end":{"line":65,"column":30}},{"start":{"line":65,"column":34},"end":{"line":65,"column":46}}],"line":65},"8":{"loc":{"start":{"line":83,"column":8},"end":{"line":86,"column":9}},"type":"if","locations":[{"start":{"line":83,"column":8},"end":{"line":86,"column":9}},{"start":{},"end":{}}],"line":83},"9":{"loc":{"start":{"line":91,"column":23},"end":{"line":91,"column":46}},"type":"binary-expr","locations":[{"start":{"line":91,"column":23},"end":{"line":91,"column":30}},{"start":{"line":91,"column":34},"end":{"line":91,"column":46}}],"line":91},"10":{"loc":{"start":{"line":92,"column":20},"end":{"line":92,"column":37}},"type":"binary-expr","locations":[{"start":{"line":92,"column":20},"end":{"line":92,"column":24}},{"start":{"line":92,"column":28},"end":{"line":92,"column":37}}],"line":92},"11":{"loc":{"start":{"line":93,"column":27},"end":{"line":93,"column":58}},"type":"binary-expr","locations":[{"start":{"line":93,"column":27},"end":{"line":93,"column":38}},{"start":{"line":93,"column":42},"end":{"line":93,"column":58}}],"line":93},"12":{"loc":{"start":{"line":94,"column":28},"end":{"line":94,"column":61}},"type":"binary-expr","locations":[{"start":{"line":94,"column":28},"end":{"line":94,"column":40}},{"start":{"line":94,"column":44},"end":{"line":94,"column":61}}],"line":94},"13":{"loc":{"start":{"line":116,"column":8},"end":{"line":119,"column":9}},"type":"if","locations":[{"start":{"line":116,"column":8},"end":{"line":119,"column":9}},{"start":{},"end":{}}],"line":116}},"s":{"0":4,"1":4,"2":4,"3":0,"4":0,"5":0,"6":0,"7":0,"8":0,"9":0,"10":0,"11":0,"12":0,"13":0,"14":0,"15":0,"16":0,"17":0,"18":0,"19":0,"20":0,"21":0,"22":0,"23":0,"24":0,"25":0,"26":0,"27":0,"28":0,"29":0,"30":0,"31":0,"32":0,"33":0,"34":0,"35":0,"36":0,"37":0,"38":0,"39":0,"40":0,"41":0,"42":0,"43":0,"44":0,"45":0,"46":0,"47":0,"48":0,"49":0,"50":0,"51":0,"52":0,"53":0,"54":0,"55":0,"56":0,"57":4},"f":{"0":0,"1":0,"2":0,"3":0,"4":0},"b":{"0":[0,0],"1":[0,0],"2":[0,0],"3":[0,0],"4":[0,0],"5":[0,0],"6":[0,0],"7":[0,0],"8":[0,0],"9":[0,0],"10":[0,0],"11":[0,0],"12":[0,0],"13":[0,0]},"_coverageSchema":"1a1c01bbd47fc00a2c39e90264f33305004495a9","hash":"b5f3bef4ec219e61fd8c4b5bd50803be36851730"}
,"C:\\Users\\Lenov\\Documents\\IT\\Binar Academy Back End Javascript Bootcamp\\Project\\challange-platinum\\docs\\swager.js": {"path":"C:\\Users\\Lenov\\Documents\\IT\\Binar Academy Back End Javascript Bootcamp\\Project\\challange-platinum\\docs\\swager.js","statementMap":{"0":{"start":{"line":1,"column":18},"end":{"line":1,"column":47}},"1":{"start":{"line":2,"column":20},"end":{"line":2,"column":45}},"2":{"start":{"line":3,"column":15},"end":{"line":3,"column":42}},"3":{"start":{"line":5,"column":0},"end":{"line":5,"column":67}},"4":{"start":{"line":7,"column":0},"end":{"line":7,"column":24}}},"fnMap":{},"branchMap":{},"s":{"0":4,"1":4,"2":4,"3":4,"4":4},"f":{},"b":{},"_coverageSchema":"1a1c01bbd47fc00a2c39e90264f33305004495a9","hash":"66937375318d71bb2547942b45e1e529d9e8147b"}
,"C:\\Users\\Lenov\\Documents\\IT\\Binar Academy Back End Javascript Bootcamp\\Project\\challange-platinum\\middleware\\uploadFile.js": {"path":"C:\\Users\\Lenov\\Documents\\IT\\Binar Academy Back End Javascript Bootcamp\\Project\\challange-platinum\\middleware\\uploadFile.js","statementMap":{"0":{"start":{"line":1,"column":15},"end":{"line":1,"column":32}},"1":{"start":{"line":3,"column":16},"end":{"line":10,"column":2}},"2":{"start":{"line":5,"column":8},"end":{"line":5,"column":33}},"3":{"start":{"line":8,"column":8},"end":{"line":8,"column":42}},"4":{"start":{"line":12,"column":15},"end":{"line":26,"column":2}},"5":{"start":{"line":15,"column":8},"end":{"line":24,"column":9}},"6":{"start":{"line":20,"column":12},"end":{"line":20,"column":27}},"7":{"start":{"line":22,"column":12},"end":{"line":22,"column":28}},"8":{"start":{"line":23,"column":12},"end":{"line":23,"column":78}},"9":{"start":{"line":30,"column":0},"end":{"line":30,"column":28}}},"fnMap":{"0":{"name":"(anonymous_0)","decl":{"start":{"line":4,"column":17},"end":{"line":4,"column":18}},"loc":{"start":{"line":4,"column":48},"end":{"line":6,"column":5}},"line":4},"1":{"name":"(anonymous_1)","decl":{"start":{"line":7,"column":14},"end":{"line":7,"column":15}},"loc":{"start":{"line":7,"column":45},"end":{"line":9,"column":5}},"line":7},"2":{"name":"(anonymous_2)","decl":{"start":{"line":14,"column":16},"end":{"line":14,"column":17}},"loc":{"start":{"line":14,"column":41},"end":{"line":25,"column":5}},"line":14}},"branchMap":{"0":{"loc":{"start":{"line":15,"column":8},"end":{"line":24,"column":9}},"type":"if","locations":[{"start":{"line":15,"column":8},"end":{"line":24,"column":9}},{"start":{"line":21,"column":15},"end":{"line":24,"column":9}}],"line":15},"1":{"loc":{"start":{"line":16,"column":12},"end":{"line":18,"column":41}},"type":"binary-expr","locations":[{"start":{"line":16,"column":12},"end":{"line":16,"column":40}},{"start":{"line":17,"column":12},"end":{"line":17,"column":40}},{"start":{"line":18,"column":12},"end":{"line":18,"column":41}}],"line":16}},"s":{"0":4,"1":4,"2":2,"3":2,"4":4,"5":2,"6":2,"7":0,"8":0,"9":4},"f":{"0":2,"1":2,"2":2},"b":{"0":[2,0],"1":[2,0,0]},"_coverageSchema":"1a1c01bbd47fc00a2c39e90264f33305004495a9","hash":"ee995fdc3cd10105d893a8cbe0ce529e8dda8ca9"}
,"C:\\Users\\Lenov\\Documents\\IT\\Binar Academy Back End Javascript Bootcamp\\Project\\challange-platinum\\middleware\\verifyAccess.js": {"path":"C:\\Users\\Lenov\\Documents\\IT\\Binar Academy Back End Javascript Bootcamp\\Project\\challange-platinum\\middleware\\verifyAccess.js","statementMap":{"0":{"start":{"line":1,"column":0},"end":{"line":1,"column":27}},"1":{"start":{"line":2,"column":17},"end":{"line":2,"column":47}},"2":{"start":{"line":3,"column":26},"end":{"line":3,"column":53}},"3":{"start":{"line":4,"column":12},"end":{"line":4,"column":35}},"4":{"start":{"line":5,"column":19},"end":{"line":5,"column":41}},"5":{"start":{"line":7,"column":21},"end":{"line":7,"column":69}},"6":{"start":{"line":9,"column":22},"end":{"line":20,"column":1}},"7":{"start":{"line":10,"column":2},"end":{"line":19,"column":3}},"8":{"start":{"line":11,"column":18},"end":{"line":11,"column":35}},"9":{"start":{"line":12,"column":4},"end":{"line":15,"column":5}},"10":{"start":{"line":13,"column":23},"end":{"line":13,"column":62}},"11":{"start":{"line":14,"column":6},"end":{"line":14,"column":44}},"12":{"start":{"line":16,"column":4},"end":{"line":16,"column":11}},"13":{"start":{"line":18,"column":4},"end":{"line":18,"column":16}},"14":{"start":{"line":22,"column":25},"end":{"line":33,"column":1}},"15":{"start":{"line":23,"column":2},"end":{"line":32,"column":3}},"16":{"start":{"line":24,"column":23},"end":{"line":24,"column":39}},"17":{"start":{"line":25,"column":4},"end":{"line":29,"column":5}},"18":{"start":{"line":26,"column":6},"end":{"line":26,"column":28}},"19":{"start":{"line":27,"column":22},"end":{"line":27,"column":51}},"20":{"start":{"line":28,"column":6},"end":{"line":28,"column":21}},"21":{"start":{"line":31,"column":4},"end":{"line":31,"column":15}},"22":{"start":{"line":35,"column":0},"end":{"line":35,"column":67}}},"fnMap":{"0":{"name":"(anonymous_0)","decl":{"start":{"line":9,"column":22},"end":{"line":9,"column":23}},"loc":{"start":{"line":9,"column":42},"end":{"line":20,"column":1}},"line":9},"1":{"name":"(anonymous_1)","decl":{"start":{"line":22,"column":25},"end":{"line":22,"column":26}},"loc":{"start":{"line":22,"column":36},"end":{"line":33,"column":1}},"line":22}},"branchMap":{"0":{"loc":{"start":{"line":12,"column":4},"end":{"line":15,"column":5}},"type":"if","locations":[{"start":{"line":12,"column":4},"end":{"line":15,"column":5}},{"start":{},"end":{}}],"line":12},"1":{"loc":{"start":{"line":25,"column":4},"end":{"line":29,"column":5}},"type":"if","locations":[{"start":{"line":25,"column":4},"end":{"line":29,"column":5}},{"start":{},"end":{}}],"line":25}},"s":{"0":4,"1":4,"2":4,"3":4,"4":4,"5":4,"6":4,"7":6,"8":6,"9":6,"10":0,"11":0,"12":6,"13":0,"14":4,"15":0,"16":0,"17":0,"18":0,"19":0,"20":0,"21":0,"22":4},"f":{"0":6,"1":0},"b":{"0":[0,6],"1":[0,0]},"_coverageSchema":"1a1c01bbd47fc00a2c39e90264f33305004495a9","hash":"0f33274f6ae8c2eb567cd5063061fe5548e27c7b"}
,"C:\\Users\\Lenov\\Documents\\IT\\Binar Academy Back End Javascript Bootcamp\\Project\\challange-platinum\\models\\conversations.js": {"path":"C:\\Users\\Lenov\\Documents\\IT\\Binar Academy Back End Javascript Bootcamp\\Project\\challange-platinum\\models\\conversations.js","statementMap":{"0":{"start":{"line":4,"column":4},"end":{"line":4,"column":24}},"1":{"start":{"line":5,"column":29},"end":{"line":5,"column":53}},"2":{"start":{"line":6,"column":0},"end":{"line":63,"column":2}},"3":{"start":{"line":14,"column":6},"end":{"line":17,"column":8}},"4":{"start":{"line":20,"column":2},"end":{"line":61,"column":4}},"5":{"start":{"line":53,"column":10},"end":{"line":53,"column":55}},"6":{"start":{"line":54,"column":10},"end":{"line":54,"column":55}},"7":{"start":{"line":57,"column":10},"end":{"line":57,"column":55}},"8":{"start":{"line":62,"column":2},"end":{"line":62,"column":23}}},"fnMap":{"0":{"name":"(anonymous_0)","decl":{"start":{"line":6,"column":17},"end":{"line":6,"column":18}},"loc":{"start":{"line":6,"column":43},"end":{"line":63,"column":1}},"line":6},"1":{"name":"(anonymous_1)","decl":{"start":{"line":13,"column":4},"end":{"line":13,"column":5}},"loc":{"start":{"line":13,"column":29},"end":{"line":18,"column":5}},"line":13},"2":{"name":"(anonymous_2)","decl":{"start":{"line":52,"column":22},"end":{"line":52,"column":23}},"loc":{"start":{"line":52,"column":49},"end":{"line":55,"column":9}},"line":52},"3":{"name":"(anonymous_3)","decl":{"start":{"line":56,"column":22},"end":{"line":56,"column":23}},"loc":{"start":{"line":56,"column":49},"end":{"line":58,"column":9}},"line":56}},"branchMap":{},"s":{"0":2,"1":2,"2":2,"3":2,"4":2,"5":0,"6":0,"7":0,"8":2},"f":{"0":2,"1":2,"2":0,"3":0},"b":{},"_coverageSchema":"1a1c01bbd47fc00a2c39e90264f33305004495a9","hash":"cf78072b963ba3f2a3aa84c9b6cb1c42946ff6e1"}
,"C:\\Users\\Lenov\\Documents\\IT\\Binar Academy Back End Javascript Bootcamp\\Project\\challange-platinum\\models\\index.js": {"path":"C:\\Users\\Lenov\\Documents\\IT\\Binar Academy Back End Javascript Bootcamp\\Project\\challange-platinum\\models\\index.js","statementMap":{"0":{"start":{"line":3,"column":0},"end":{"line":3,"column":27}},"1":{"start":{"line":4,"column":11},"end":{"line":4,"column":24}},"2":{"start":{"line":5,"column":13},"end":{"line":5,"column":28}},"3":{"start":{"line":6,"column":18},"end":{"line":6,"column":38}},"4":{"start":{"line":7,"column":16},"end":{"line":7,"column":34}},"5":{"start":{"line":8,"column":17},"end":{"line":8,"column":42}},"6":{"start":{"line":9,"column":12},"end":{"line":9,"column":49}},"7":{"start":{"line":10,"column":15},"end":{"line":10,"column":63}},"8":{"start":{"line":11,"column":11},"end":{"line":11,"column":13}},"9":{"start":{"line":14,"column":0},"end":{"line":18,"column":1}},"10":{"start":{"line":15,"column":4},"end":{"line":15,"column":76}},"11":{"start":{"line":17,"column":4},"end":{"line":17,"column":89}},"12":{"start":{"line":20,"column":0},"end":{"line":32,"column":7}},"13":{"start":{"line":22,"column":8},"end":{"line":27,"column":10}},"14":{"start":{"line":30,"column":22},"end":{"line":30,"column":89}},"15":{"start":{"line":31,"column":8},"end":{"line":31,"column":31}},"16":{"start":{"line":34,"column":0},"end":{"line":38,"column":3}},"17":{"start":{"line":35,"column":4},"end":{"line":37,"column":5}},"18":{"start":{"line":36,"column":8},"end":{"line":36,"column":36}},"19":{"start":{"line":40,"column":0},"end":{"line":40,"column":25}},"20":{"start":{"line":41,"column":0},"end":{"line":41,"column":25}},"21":{"start":{"line":43,"column":0},"end":{"line":43,"column":20}}},"fnMap":{"0":{"name":"(anonymous_0)","decl":{"start":{"line":21,"column":12},"end":{"line":21,"column":13}},"loc":{"start":{"line":21,"column":22},"end":{"line":28,"column":5}},"line":21},"1":{"name":"(anonymous_1)","decl":{"start":{"line":29,"column":13},"end":{"line":29,"column":14}},"loc":{"start":{"line":29,"column":23},"end":{"line":32,"column":5}},"line":29},"2":{"name":"(anonymous_2)","decl":{"start":{"line":34,"column":24},"end":{"line":34,"column":25}},"loc":{"start":{"line":34,"column":39},"end":{"line":38,"column":1}},"line":34}},"branchMap":{"0":{"loc":{"start":{"line":9,"column":12},"end":{"line":9,"column":49}},"type":"binary-expr","locations":[{"start":{"line":9,"column":12},"end":{"line":9,"column":32}},{"start":{"line":9,"column":36},"end":{"line":9,"column":49}}],"line":9},"1":{"loc":{"start":{"line":14,"column":0},"end":{"line":18,"column":1}},"type":"if","locations":[{"start":{"line":14,"column":0},"end":{"line":18,"column":1}},{"start":{"line":16,"column":7},"end":{"line":18,"column":1}}],"line":14},"2":{"loc":{"start":{"line":23,"column":12},"end":{"line":26,"column":43}},"type":"binary-expr","locations":[{"start":{"line":23,"column":12},"end":{"line":23,"column":35}},{"start":{"line":24,"column":12},"end":{"line":24,"column":29}},{"start":{"line":25,"column":12},"end":{"line":25,"column":36}},{"start":{"line":26,"column":12},"end":{"line":26,"column":43}}],"line":23},"3":{"loc":{"start":{"line":35,"column":4},"end":{"line":37,"column":5}},"type":"if","locations":[{"start":{"line":35,"column":4},"end":{"line":37,"column":5}},{"start":{},"end":{}}],"line":35}},"s":{"0":2,"1":2,"2":2,"3":2,"4":2,"5":2,"6":2,"7":2,"8":2,"9":2,"10":0,"11":2,"12":2,"13":18,"14":16,"15":16,"16":2,"17":16,"18":16,"19":2,"20":2,"21":2},"f":{"0":18,"1":16,"2":16},"b":{"0":[2,0],"1":[0,2],"2":[18,18,16,16],"3":[16,0]},"_coverageSchema":"1a1c01bbd47fc00a2c39e90264f33305004495a9","hash":"37630efa18acb132013f150f5b7fab076874d2b8"}
,"C:\\Users\\Lenov\\Documents\\IT\\Binar Academy Back End Javascript Bootcamp\\Project\\challange-platinum\\models\\item.js": {"path":"C:\\Users\\Lenov\\Documents\\IT\\Binar Academy Back End Javascript Bootcamp\\Project\\challange-platinum\\models\\item.js","statementMap":{"0":{"start":{"line":2,"column":18},"end":{"line":2,"column":38}},"1":{"start":{"line":3,"column":29},"end":{"line":3,"column":53}},"2":{"start":{"line":4,"column":0},"end":{"line":49,"column":2}},"3":{"start":{"line":12,"column":6},"end":{"line":16,"column":9}},"4":{"start":{"line":19,"column":2},"end":{"line":47,"column":4}},"5":{"start":{"line":39,"column":10},"end":{"line":39,"column":47}},"6":{"start":{"line":40,"column":10},"end":{"line":40,"column":47}},"7":{"start":{"line":43,"column":10},"end":{"line":43,"column":47}},"8":{"start":{"line":48,"column":2},"end":{"line":48,"column":15}}},"fnMap":{"0":{"name":"(anonymous_0)","decl":{"start":{"line":4,"column":17},"end":{"line":4,"column":18}},"loc":{"start":{"line":4,"column":43},"end":{"line":49,"column":1}},"line":4},"1":{"name":"(anonymous_1)","decl":{"start":{"line":11,"column":4},"end":{"line":11,"column":5}},"loc":{"start":{"line":11,"column":29},"end":{"line":17,"column":5}},"line":11},"2":{"name":"(anonymous_2)","decl":{"start":{"line":38,"column":22},"end":{"line":38,"column":23}},"loc":{"start":{"line":38,"column":41},"end":{"line":41,"column":9}},"line":38},"3":{"name":"(anonymous_3)","decl":{"start":{"line":42,"column":22},"end":{"line":42,"column":23}},"loc":{"start":{"line":42,"column":41},"end":{"line":44,"column":9}},"line":42}},"branchMap":{},"s":{"0":2,"1":2,"2":2,"3":2,"4":2,"5":1,"6":1,"7":0,"8":2},"f":{"0":2,"1":2,"2":1,"3":0},"b":{},"_coverageSchema":"1a1c01bbd47fc00a2c39e90264f33305004495a9","hash":"b468f28ab897ddce23cee77b7a4d2760b1a183a7"}
,"C:\\Users\\Lenov\\Documents\\IT\\Binar Academy Back End Javascript Bootcamp\\Project\\challange-platinum\\models\\messages.js": {"path":"C:\\Users\\Lenov\\Documents\\IT\\Binar Academy Back End Javascript Bootcamp\\Project\\challange-platinum\\models\\messages.js","statementMap":{"0":{"start":{"line":4,"column":4},"end":{"line":4,"column":24}},"1":{"start":{"line":5,"column":29},"end":{"line":5,"column":53}},"2":{"start":{"line":6,"column":0},"end":{"line":58,"column":2}},"3":{"start":{"line":14,"column":6},"end":{"line":17,"column":8}},"4":{"start":{"line":20,"column":2},"end":{"line":56,"column":4}},"5":{"start":{"line":48,"column":10},"end":{"line":48,"column":50}},"6":{"start":{"line":49,"column":10},"end":{"line":49,"column":50}},"7":{"start":{"line":52,"column":10},"end":{"line":52,"column":50}},"8":{"start":{"line":57,"column":2},"end":{"line":57,"column":18}}},"fnMap":{"0":{"name":"(anonymous_0)","decl":{"start":{"line":6,"column":17},"end":{"line":6,"column":18}},"loc":{"start":{"line":6,"column":43},"end":{"line":58,"column":1}},"line":6},"1":{"name":"(anonymous_1)","decl":{"start":{"line":13,"column":4},"end":{"line":13,"column":5}},"loc":{"start":{"line":13,"column":29},"end":{"line":18,"column":5}},"line":13},"2":{"name":"(anonymous_2)","decl":{"start":{"line":47,"column":22},"end":{"line":47,"column":23}},"loc":{"start":{"line":47,"column":44},"end":{"line":50,"column":9}},"line":47},"3":{"name":"(anonymous_3)","decl":{"start":{"line":51,"column":22},"end":{"line":51,"column":23}},"loc":{"start":{"line":51,"column":44},"end":{"line":53,"column":9}},"line":51}},"branchMap":{},"s":{"0":2,"1":2,"2":2,"3":2,"4":2,"5":0,"6":0,"7":0,"8":2},"f":{"0":2,"1":2,"2":0,"3":0},"b":{},"_coverageSchema":"1a1c01bbd47fc00a2c39e90264f33305004495a9","hash":"347f5e2adaf547faee0e03506055cb25c8ea35d9"}
,"C:\\Users\\Lenov\\Documents\\IT\\Binar Academy Back End Javascript Bootcamp\\Project\\challange-platinum\\models\\order.js": {"path":"C:\\Users\\Lenov\\Documents\\IT\\Binar Academy Back End Javascript Bootcamp\\Project\\challange-platinum\\models\\order.js","statementMap":{"0":{"start":{"line":2,"column":18},"end":{"line":2,"column":38}},"1":{"start":{"line":3,"column":29},"end":{"line":3,"column":53}},"2":{"start":{"line":4,"column":0},"end":{"line":54,"column":2}},"3":{"start":{"line":12,"column":6},"end":{"line":16,"column":8}},"4":{"start":{"line":19,"column":2},"end":{"line":52,"column":4}},"5":{"start":{"line":45,"column":10},"end":{"line":45,"column":55}},"6":{"start":{"line":48,"column":10},"end":{"line":48,"column":53}},"7":{"start":{"line":53,"column":2},"end":{"line":53,"column":15}}},"fnMap":{"0":{"name":"(anonymous_0)","decl":{"start":{"line":4,"column":17},"end":{"line":4,"column":18}},"loc":{"start":{"line":4,"column":43},"end":{"line":54,"column":1}},"line":4},"1":{"name":"(anonymous_1)","decl":{"start":{"line":11,"column":4},"end":{"line":11,"column":5}},"loc":{"start":{"line":11,"column":29},"end":{"line":17,"column":5}},"line":11},"2":{"name":"(anonymous_2)","decl":{"start":{"line":44,"column":22},"end":{"line":44,"column":23}},"loc":{"start":{"line":44,"column":42},"end":{"line":46,"column":9}},"line":44},"3":{"name":"(anonymous_3)","decl":{"start":{"line":47,"column":22},"end":{"line":47,"column":23}},"loc":{"start":{"line":47,"column":42},"end":{"line":49,"column":9}},"line":47}},"branchMap":{},"s":{"0":2,"1":2,"2":2,"3":2,"4":2,"5":0,"6":0,"7":2},"f":{"0":2,"1":2,"2":0,"3":0},"b":{},"_coverageSchema":"1a1c01bbd47fc00a2c39e90264f33305004495a9","hash":"5ded42df1f894653a4f44f23807ad148931d6fd6"}
,"C:\\Users\\Lenov\\Documents\\IT\\Binar Academy Back End Javascript Bootcamp\\Project\\challange-platinum\\models\\order_items.js": {"path":"C:\\Users\\Lenov\\Documents\\IT\\Binar Academy Back End Javascript Bootcamp\\Project\\challange-platinum\\models\\order_items.js","statementMap":{"0":{"start":{"line":4,"column":4},"end":{"line":4,"column":24}},"1":{"start":{"line":5,"column":0},"end":{"line":45,"column":2}},"2":{"start":{"line":16,"column":2},"end":{"line":43,"column":4}},"3":{"start":{"line":44,"column":2},"end":{"line":44,"column":21}}},"fnMap":{"0":{"name":"(anonymous_0)","decl":{"start":{"line":5,"column":17},"end":{"line":5,"column":18}},"loc":{"start":{"line":5,"column":43},"end":{"line":45,"column":1}},"line":5},"1":{"name":"(anonymous_1)","decl":{"start":{"line":12,"column":4},"end":{"line":12,"column":5}},"loc":{"start":{"line":12,"column":29},"end":{"line":14,"column":5}},"line":12}},"branchMap":{},"s":{"0":2,"1":2,"2":2,"3":2},"f":{"0":2,"1":2},"b":{},"_coverageSchema":"1a1c01bbd47fc00a2c39e90264f33305004495a9","hash":"92187996b8c2adbf44b5ba5259a128380309a84c"}
,"C:\\Users\\Lenov\\Documents\\IT\\Binar Academy Back End Javascript Bootcamp\\Project\\challange-platinum\\models\\rooms.js": {"path":"C:\\Users\\Lenov\\Documents\\IT\\Binar Academy Back End Javascript Bootcamp\\Project\\challange-platinum\\models\\rooms.js","statementMap":{"0":{"start":{"line":4,"column":4},"end":{"line":4,"column":24}},"1":{"start":{"line":5,"column":29},"end":{"line":5,"column":53}},"2":{"start":{"line":6,"column":0},"end":{"line":40,"column":2}},"3":{"start":{"line":14,"column":6},"end":{"line":18,"column":8}},"4":{"start":{"line":21,"column":2},"end":{"line":38,"column":5}},"5":{"start":{"line":30,"column":8},"end":{"line":30,"column":46}},"6":{"start":{"line":31,"column":8},"end":{"line":31,"column":46}},"7":{"start":{"line":35,"column":8},"end":{"line":35,"column":46}},"8":{"start":{"line":39,"column":2},"end":{"line":39,"column":15}}},"fnMap":{"0":{"name":"(anonymous_0)","decl":{"start":{"line":6,"column":17},"end":{"line":6,"column":18}},"loc":{"start":{"line":6,"column":43},"end":{"line":40,"column":1}},"line":6},"1":{"name":"(anonymous_1)","decl":{"start":{"line":13,"column":4},"end":{"line":13,"column":5}},"loc":{"start":{"line":13,"column":29},"end":{"line":19,"column":5}},"line":13},"2":{"name":"(anonymous_2)","decl":{"start":{"line":29,"column":20},"end":{"line":29,"column":21}},"loc":{"start":{"line":29,"column":40},"end":{"line":33,"column":7}},"line":29},"3":{"name":"(anonymous_3)","decl":{"start":{"line":34,"column":20},"end":{"line":34,"column":21}},"loc":{"start":{"line":34,"column":40},"end":{"line":36,"column":7}},"line":34}},"branchMap":{},"s":{"0":2,"1":2,"2":2,"3":2,"4":2,"5":0,"6":0,"7":0,"8":2},"f":{"0":2,"1":2,"2":0,"3":0},"b":{},"_coverageSchema":"1a1c01bbd47fc00a2c39e90264f33305004495a9","hash":"c7b9f028981fc2b74b59bed4a39c8fd37be11d8b"}
,"C:\\Users\\Lenov\\Documents\\IT\\Binar Academy Back End Javascript Bootcamp\\Project\\challange-platinum\\models\\user.js": {"path":"C:\\Users\\Lenov\\Documents\\IT\\Binar Academy Back End Javascript Bootcamp\\Project\\challange-platinum\\models\\user.js","statementMap":{"0":{"start":{"line":4,"column":4},"end":{"line":4,"column":24}},"1":{"start":{"line":5,"column":29},"end":{"line":5,"column":53}},"2":{"start":{"line":6,"column":0},"end":{"line":76,"column":2}},"3":{"start":{"line":14,"column":6},"end":{"line":18,"column":9}},"4":{"start":{"line":19,"column":6},"end":{"line":23,"column":8}},"5":{"start":{"line":26,"column":2},"end":{"line":74,"column":4}},"6":{"start":{"line":66,"column":10},"end":{"line":66,"column":47}},"7":{"start":{"line":67,"column":10},"end":{"line":67,"column":47}},"8":{"start":{"line":70,"column":10},"end":{"line":70,"column":47}},"9":{"start":{"line":75,"column":2},"end":{"line":75,"column":15}}},"fnMap":{"0":{"name":"(anonymous_0)","decl":{"start":{"line":6,"column":17},"end":{"line":6,"column":18}},"loc":{"start":{"line":6,"column":43},"end":{"line":76,"column":1}},"line":6},"1":{"name":"(anonymous_1)","decl":{"start":{"line":13,"column":4},"end":{"line":13,"column":5}},"loc":{"start":{"line":13,"column":29},"end":{"line":24,"column":5}},"line":13},"2":{"name":"(anonymous_2)","decl":{"start":{"line":65,"column":22},"end":{"line":65,"column":23}},"loc":{"start":{"line":65,"column":41},"end":{"line":68,"column":9}},"line":65},"3":{"name":"(anonymous_3)","decl":{"start":{"line":69,"column":22},"end":{"line":69,"column":23}},"loc":{"start":{"line":69,"column":41},"end":{"line":71,"column":9}},"line":69}},"branchMap":{},"s":{"0":2,"1":2,"2":2,"3":2,"4":2,"5":2,"6":1,"7":1,"8":1,"9":2},"f":{"0":2,"1":2,"2":1,"3":1},"b":{},"_coverageSchema":"1a1c01bbd47fc00a2c39e90264f33305004495a9","hash":"6d6ba5adf8a2f98c56d8338c1556b67eeadccaa5"}
,"C:\\Users\\Lenov\\Documents\\IT\\Binar Academy Back End Javascript Bootcamp\\Project\\challange-platinum\\models\\user_detail.js": {"path":"C:\\Users\\Lenov\\Documents\\IT\\Binar Academy Back End Javascript Bootcamp\\Project\\challange-platinum\\models\\user_detail.js","statementMap":{"0":{"start":{"line":4,"column":4},"end":{"line":4,"column":24}},"1":{"start":{"line":5,"column":29},"end":{"line":5,"column":53}},"2":{"start":{"line":6,"column":0},"end":{"line":55,"column":2}},"3":{"start":{"line":17,"column":2},"end":{"line":53,"column":4}},"4":{"start":{"line":45,"column":10},"end":{"line":45,"column":47}},"5":{"start":{"line":46,"column":10},"end":{"line":46,"column":47}},"6":{"start":{"line":49,"column":10},"end":{"line":49,"column":47}},"7":{"start":{"line":54,"column":2},"end":{"line":54,"column":22}}},"fnMap":{"0":{"name":"(anonymous_0)","decl":{"start":{"line":6,"column":17},"end":{"line":6,"column":18}},"loc":{"start":{"line":6,"column":43},"end":{"line":55,"column":1}},"line":6},"1":{"name":"(anonymous_1)","decl":{"start":{"line":13,"column":4},"end":{"line":13,"column":5}},"loc":{"start":{"line":13,"column":29},"end":{"line":15,"column":5}},"line":13},"2":{"name":"(anonymous_2)","decl":{"start":{"line":44,"column":22},"end":{"line":44,"column":23}},"loc":{"start":{"line":44,"column":41},"end":{"line":47,"column":9}},"line":44},"3":{"name":"(anonymous_3)","decl":{"start":{"line":48,"column":22},"end":{"line":48,"column":23}},"loc":{"start":{"line":48,"column":41},"end":{"line":50,"column":9}},"line":48}},"branchMap":{},"s":{"0":2,"1":2,"2":2,"3":2,"4":1,"5":1,"6":0,"7":2},"f":{"0":2,"1":2,"2":1,"3":0},"b":{},"_coverageSchema":"1a1c01bbd47fc00a2c39e90264f33305004495a9","hash":"6c4f45c096390b70e06ed4faaf03fd4e9d26bab1"}
,"C:\\Users\\Lenov\\Documents\\IT\\Binar Academy Back End Javascript Bootcamp\\Project\\challange-platinum\\modules\\cloudinary.js": {"path":"C:\\Users\\Lenov\\Documents\\IT\\Binar Academy Back End Javascript Bootcamp\\Project\\challange-platinum\\modules\\cloudinary.js","statementMap":{"0":{"start":{"line":1,"column":0},"end":{"line":1,"column":27}},"1":{"start":{"line":2,"column":19},"end":{"line":2,"column":40}},"2":{"start":{"line":3,"column":11},"end":{"line":3,"column":24}},"3":{"start":{"line":4,"column":71},"end":{"line":4,"column":82}},"4":{"start":{"line":6,"column":0},"end":{"line":10,"column":3}},"5":{"start":{"line":14,"column":4},"end":{"line":34,"column":5}},"6":{"start":{"line":15,"column":8},"end":{"line":17,"column":11}},"7":{"start":{"line":18,"column":8},"end":{"line":23,"column":11}},"8":{"start":{"line":19,"column":12},"end":{"line":21,"column":13}},"9":{"start":{"line":20,"column":16},"end":{"line":20,"column":33}},"10":{"start":{"line":22,"column":12},"end":{"line":22,"column":53}},"11":{"start":{"line":24,"column":8},"end":{"line":24,"column":26}},"12":{"start":{"line":26,"column":8},"end":{"line":31,"column":11}},"13":{"start":{"line":27,"column":12},"end":{"line":29,"column":13}},"14":{"start":{"line":28,"column":16},"end":{"line":28,"column":33}},"15":{"start":{"line":30,"column":12},"end":{"line":30,"column":53}},"16":{"start":{"line":32,"column":8},"end":{"line":32,"column":25}},"17":{"start":{"line":33,"column":8},"end":{"line":33,"column":20}},"18":{"start":{"line":37,"column":0},"end":{"line":37,"column":38}}},"fnMap":{"0":{"name":"uploadCloudinary","decl":{"start":{"line":12,"column":15},"end":{"line":12,"column":31}},"loc":{"start":{"line":12,"column":42},"end":{"line":35,"column":1}},"line":12},"1":{"name":"(anonymous_1)","decl":{"start":{"line":18,"column":28},"end":{"line":18,"column":29}},"loc":{"start":{"line":18,"column":37},"end":{"line":23,"column":9}},"line":18},"2":{"name":"(anonymous_2)","decl":{"start":{"line":26,"column":28},"end":{"line":26,"column":29}},"loc":{"start":{"line":26,"column":37},"end":{"line":31,"column":9}},"line":26}},"branchMap":{"0":{"loc":{"start":{"line":19,"column":12},"end":{"line":21,"column":13}},"type":"if","locations":[{"start":{"line":19,"column":12},"end":{"line":21,"column":13}},{"start":{},"end":{}}],"line":19},"1":{"loc":{"start":{"line":27,"column":12},"end":{"line":29,"column":13}},"type":"if","locations":[{"start":{"line":27,"column":12},"end":{"line":29,"column":13}},{"start":{},"end":{}}],"line":27}},"s":{"0":4,"1":4,"2":4,"3":4,"4":4,"5":1,"6":1,"7":1,"8":1,"9":0,"10":1,"11":1,"12":0,"13":0,"14":0,"15":0,"16":0,"17":0,"18":4},"f":{"0":1,"1":1,"2":0},"b":{"0":[0,1],"1":[0,0]},"_coverageSchema":"1a1c01bbd47fc00a2c39e90264f33305004495a9","hash":"27e41b4da7346afdefd4a9a8e704847d146ae3da"}
,"C:\\Users\\Lenov\\Documents\\IT\\Binar Academy Back End Javascript Bootcamp\\Project\\challange-platinum\\modules\\jwt.js": {"path":"C:\\Users\\Lenov\\Documents\\IT\\Binar Academy Back End Javascript Bootcamp\\Project\\challange-platinum\\modules\\jwt.js","statementMap":{"0":{"start":{"line":1,"column":0},"end":{"line":1,"column":27}},"1":{"start":{"line":2,"column":12},"end":{"line":2,"column":35}},"2":{"start":{"line":3,"column":19},"end":{"line":3,"column":41}},"3":{"start":{"line":6,"column":18},"end":{"line":11,"column":3}},"4":{"start":{"line":13,"column":16},"end":{"line":13,"column":66}},"5":{"start":{"line":15,"column":2},"end":{"line":15,"column":15}},"6":{"start":{"line":18,"column":0},"end":{"line":18,"column":38}}},"fnMap":{"0":{"name":"generateJwtToken","decl":{"start":{"line":5,"column":9},"end":{"line":5,"column":25}},"loc":{"start":{"line":5,"column":32},"end":{"line":16,"column":1}},"line":5}},"branchMap":{},"s":{"0":4,"1":4,"2":4,"3":4,"4":4,"5":4,"6":4},"f":{"0":4},"b":{},"_coverageSchema":"1a1c01bbd47fc00a2c39e90264f33305004495a9","hash":"20f3350b5418199196bd78efbe7c62a68a581003"}
,"C:\\Users\\Lenov\\Documents\\IT\\Binar Academy Back End Javascript Bootcamp\\Project\\challange-platinum\\modules\\nodemailer.js": {"path":"C:\\Users\\Lenov\\Documents\\IT\\Binar Academy Back End Javascript Bootcamp\\Project\\challange-platinum\\modules\\nodemailer.js","statementMap":{"0":{"start":{"line":1,"column":0},"end":{"line":1,"column":27}},"1":{"start":{"line":2,"column":19},"end":{"line":2,"column":40}},"2":{"start":{"line":4,"column":17},"end":{"line":12,"column":2}},"3":{"start":{"line":15,"column":2},"end":{"line":23,"column":4}},"4":{"start":{"line":26,"column":0},"end":{"line":26,"column":31}}},"fnMap":{"0":{"name":"sendEmail","decl":{"start":{"line":14,"column":9},"end":{"line":14,"column":18}},"loc":{"start":{"line":14,"column":29},"end":{"line":24,"column":1}},"line":14}},"branchMap":{},"s":{"0":4,"1":4,"2":4,"3":3,"4":4},"f":{"0":3},"b":{},"_coverageSchema":"1a1c01bbd47fc00a2c39e90264f33305004495a9","hash":"339cac9e4fb2e3818c08b7a9dda940b564dad4a4"}
,"C:\\Users\\Lenov\\Documents\\IT\\Binar Academy Back End Javascript Bootcamp\\Project\\challange-platinum\\modules\\passport.js": {"path":"C:\\Users\\Lenov\\Documents\\IT\\Binar Academy Back End Javascript Bootcamp\\Project\\challange-platinum\\modules\\passport.js","statementMap":{"0":{"start":{"line":1,"column":0},"end":{"line":1,"column":27}},"1":{"start":{"line":2,"column":17},"end":{"line":2,"column":36}},"2":{"start":{"line":3,"column":46},"end":{"line":3,"column":69}},"3":{"start":{"line":4,"column":19},"end":{"line":4,"column":41}},"4":{"start":{"line":8,"column":16},"end":{"line":11,"column":1}},"5":{"start":{"line":14,"column":2},"end":{"line":18,"column":3}},"6":{"start":{"line":15,"column":4},"end":{"line":15,"column":31}},"7":{"start":{"line":17,"column":4},"end":{"line":17,"column":16}},"8":{"start":{"line":23,"column":0},"end":{"line":23,"column":49}},"9":{"start":{"line":25,"column":0},"end":{"line":25,"column":26}}},"fnMap":{"0":{"name":"payloads","decl":{"start":{"line":13,"column":9},"end":{"line":13,"column":17}},"loc":{"start":{"line":13,"column":33},"end":{"line":19,"column":1}},"line":13}},"branchMap":{},"s":{"0":4,"1":4,"2":4,"3":4,"4":4,"5":14,"6":14,"7":0,"8":4,"9":4},"f":{"0":14},"b":{},"_coverageSchema":"1a1c01bbd47fc00a2c39e90264f33305004495a9","hash":"95ad8f5d94dcdbbfb9c491853c9c574fd5500072"}
,"C:\\Users\\Lenov\\Documents\\IT\\Binar Academy Back End Javascript Bootcamp\\Project\\challange-platinum\\routes\\chats.routes.js": {"path":"C:\\Users\\Lenov\\Documents\\IT\\Binar Academy Back End Javascript Bootcamp\\Project\\challange-platinum\\routes\\chats.routes.js","statementMap":{"0":{"start":{"line":1,"column":37},"end":{"line":1,"column":67}},"1":{"start":{"line":2,"column":15},"end":{"line":2,"column":42}},"2":{"start":{"line":4,"column":20},"end":{"line":6,"column":1}},"3":{"start":{"line":5,"column":2},"end":{"line":5,"column":52}},"4":{"start":{"line":8,"column":0},"end":{"line":8,"column":41}},"5":{"start":{"line":10,"column":0},"end":{"line":10,"column":60}}},"fnMap":{"0":{"name":"(anonymous_0)","decl":{"start":{"line":4,"column":20},"end":{"line":4,"column":21}},"loc":{"start":{"line":4,"column":36},"end":{"line":6,"column":1}},"line":4}},"branchMap":{},"s":{"0":4,"1":4,"2":4,"3":0,"4":4,"5":4},"f":{"0":0},"b":{},"_coverageSchema":"1a1c01bbd47fc00a2c39e90264f33305004495a9","hash":"0304dc95e37b5a9077fa062a90eee29e66707470"}
,"C:\\Users\\Lenov\\Documents\\IT\\Binar Academy Back End Javascript Bootcamp\\Project\\challange-platinum\\routes\\item.routes.js": {"path":"C:\\Users\\Lenov\\Documents\\IT\\Binar Academy Back End Javascript Bootcamp\\Project\\challange-platinum\\routes\\item.routes.js","statementMap":{"0":{"start":{"line":7,"column":4},"end":{"line":7,"column":33}},"1":{"start":{"line":8,"column":19},"end":{"line":8,"column":54}},"2":{"start":{"line":9,"column":40},"end":{"line":9,"column":77}},"3":{"start":{"line":11,"column":15},"end":{"line":11,"column":42}},"4":{"start":{"line":13,"column":0},"end":{"line":24,"column":74}},"5":{"start":{"line":26,"column":0},"end":{"line":26,"column":24}}},"fnMap":{},"branchMap":{},"s":{"0":4,"1":4,"2":4,"3":4,"4":4,"5":4},"f":{},"b":{},"_coverageSchema":"1a1c01bbd47fc00a2c39e90264f33305004495a9","hash":"23e7351fe8b27fb3f4d6568d83c0b71e3aec6c66"}
,"C:\\Users\\Lenov\\Documents\\IT\\Binar Academy Back End Javascript Bootcamp\\Project\\challange-platinum\\routes\\order.routes.js": {"path":"C:\\Users\\Lenov\\Documents\\IT\\Binar Academy Back End Javascript Bootcamp\\Project\\challange-platinum\\routes\\order.routes.js","statementMap":{"0":{"start":{"line":1,"column":55},"end":{"line":1,"column":85}},"1":{"start":{"line":2,"column":40},"end":{"line":2,"column":77}},"2":{"start":{"line":4,"column":15},"end":{"line":4,"column":42}},"3":{"start":{"line":6,"column":0},"end":{"line":9,"column":57}},"4":{"start":{"line":11,"column":0},"end":{"line":11,"column":24}}},"fnMap":{},"branchMap":{},"s":{"0":4,"1":4,"2":4,"3":4,"4":4},"f":{},"b":{},"_coverageSchema":"1a1c01bbd47fc00a2c39e90264f33305004495a9","hash":"ad96e9aec3c40a7d44bb4eb79ec7ab0645e9fccf"}
,"C:\\Users\\Lenov\\Documents\\IT\\Binar Academy Back End Javascript Bootcamp\\Project\\challange-platinum\\routes\\user.routes.js": {"path":"C:\\Users\\Lenov\\Documents\\IT\\Binar Academy Back End Javascript Bootcamp\\Project\\challange-platinum\\routes\\user.routes.js","statementMap":{"0":{"start":{"line":1,"column":54},"end":{"line":1,"column":83}},"1":{"start":{"line":2,"column":58},"end":{"line":2,"column":87}},"2":{"start":{"line":3,"column":40},"end":{"line":3,"column":77}},"3":{"start":{"line":5,"column":15},"end":{"line":5,"column":42}},"4":{"start":{"line":7,"column":0},"end":{"line":16,"column":39}},"5":{"start":{"line":18,"column":0},"end":{"line":18,"column":24}}},"fnMap":{},"branchMap":{},"s":{"0":4,"1":4,"2":4,"3":4,"4":4,"5":4},"f":{},"b":{},"_coverageSchema":"1a1c01bbd47fc00a2c39e90264f33305004495a9","hash":"d9682667d94ab737be0f99afeee0eab3f09f8728"}
,"C:\\Users\\Lenov\\Documents\\IT\\Binar Academy Back End Javascript Bootcamp\\Project\\challange-platinum\\utils\\date.js": {"path":"C:\\Users\\Lenov\\Documents\\IT\\Binar Academy Back End Javascript Bootcamp\\Project\\challange-platinum\\utils\\date.js","statementMap":{"0":{"start":{"line":3,"column":15},"end":{"line":3,"column":25}},"1":{"start":{"line":4,"column":21},"end":{"line":12,"column":68}},"2":{"start":{"line":14,"column":2},"end":{"line":14,"column":20}},"3":{"start":{"line":17,"column":0},"end":{"line":17,"column":38}}},"fnMap":{"0":{"name":"getFormattedDate","decl":{"start":{"line":2,"column":9},"end":{"line":2,"column":25}},"loc":{"start":{"line":2,"column":28},"end":{"line":15,"column":1}},"line":2}},"branchMap":{},"s":{"0":7,"1":7,"2":7,"3":2},"f":{"0":7},"b":{},"_coverageSchema":"1a1c01bbd47fc00a2c39e90264f33305004495a9","hash":"2396ef8d584d0c056f403b243168a14c3853ed9e"}
,"C:\\Users\\Lenov\\Documents\\IT\\Binar Academy Back End Javascript Bootcamp\\Project\\challange-platinum\\utils\\dummyToken.js": {"path":"C:\\Users\\Lenov\\Documents\\IT\\Binar Academy Back End Javascript Bootcamp\\Project\\challange-platinum\\utils\\dummyToken.js","statementMap":{"0":{"start":{"line":1,"column":0},"end":{"line":1,"column":27}},"1":{"start":{"line":2,"column":12},"end":{"line":2,"column":35}},"2":{"start":{"line":3,"column":19},"end":{"line":3,"column":41}},"3":{"start":{"line":6,"column":17},"end":{"line":9,"column":1}},"4":{"start":{"line":12,"column":19},"end":{"line":12,"column":71}},"5":{"start":{"line":14,"column":0},"end":{"line":14,"column":32}}},"fnMap":{},"branchMap":{},"s":{"0":1,"1":1,"2":1,"3":1,"4":1,"5":1},"f":{},"b":{},"_coverageSchema":"1a1c01bbd47fc00a2c39e90264f33305004495a9","hash":"3a653261962a8baf08625e26655d3f056f21d7ea"}
,"C:\\Users\\Lenov\\Documents\\IT\\Binar Academy Back End Javascript Bootcamp\\Project\\challange-platinum\\utils\\emailValidation.js": {"path":"C:\\Users\\Lenov\\Documents\\IT\\Binar Academy Back End Javascript Bootcamp\\Project\\challange-platinum\\utils\\emailValidation.js","statementMap":{"0":{"start":{"line":3,"column":36},"end":{"line":3,"column":52}},"1":{"start":{"line":6,"column":4},"end":{"line":11,"column":5}},"2":{"start":{"line":8,"column":8},"end":{"line":10,"column":9}},"3":{"start":{"line":9,"column":12},"end":{"line":9,"column":24}},"4":{"start":{"line":13,"column":4},"end":{"line":13,"column":17}},"5":{"start":{"line":16,"column":0},"end":{"line":16,"column":33}}},"fnMap":{"0":{"name":"formatEmail","decl":{"start":{"line":1,"column":9},"end":{"line":1,"column":20}},"loc":{"start":{"line":1,"column":28},"end":{"line":14,"column":1}},"line":1}},"branchMap":{"0":{"loc":{"start":{"line":6,"column":4},"end":{"line":11,"column":5}},"type":"if","locations":[{"start":{"line":6,"column":4},"end":{"line":11,"column":5}},{"start":{},"end":{}}],"line":6},"1":{"loc":{"start":{"line":6,"column":8},"end":{"line":6,"column":80}},"type":"binary-expr","locations":[{"start":{"line":6,"column":8},"end":{"line":6,"column":17}},{"start":{"line":6,"column":21},"end":{"line":6,"column":31}},{"start":{"line":6,"column":35},"end":{"line":6,"column":55}},{"start":{"line":6,"column":59},"end":{"line":6,"column":80}}],"line":6},"2":{"loc":{"start":{"line":8,"column":8},"end":{"line":10,"column":9}},"type":"if","locations":[{"start":{"line":8,"column":8},"end":{"line":10,"column":9}},{"start":{},"end":{}}],"line":8}},"s":{"0":10,"1":10,"2":7,"3":7,"4":3,"5":4},"f":{"0":10},"b":{"0":[7,3],"1":[10,10,7,7],"2":[7,0]},"_coverageSchema":"1a1c01bbd47fc00a2c39e90264f33305004495a9","hash":"bb723a812565300ef7e43a90cc3c6e9ad447dbc7"}
,"C:\\Users\\Lenov\\Documents\\IT\\Binar Academy Back End Javascript Bootcamp\\Project\\challange-platinum\\utils\\respons.js": {"path":"C:\\Users\\Lenov\\Documents\\IT\\Binar Academy Back End Javascript Bootcamp\\Project\\challange-platinum\\utils\\respons.js","statementMap":{"0":{"start":{"line":4,"column":8},"end":{"line":4,"column":29}},"1":{"start":{"line":5,"column":8},"end":{"line":5,"column":31}},"2":{"start":{"line":6,"column":8},"end":{"line":6,"column":39}},"3":{"start":{"line":7,"column":8},"end":{"line":7,"column":33}},"4":{"start":{"line":13,"column":8},"end":{"line":13,"column":28}},"5":{"start":{"line":14,"column":8},"end":{"line":14,"column":31}},"6":{"start":{"line":15,"column":8},"end":{"line":15,"column":39}},"7":{"start":{"line":16,"column":8},"end":{"line":16,"column":25}},"8":{"start":{"line":20,"column":0},"end":{"line":20,"column":52}}},"fnMap":{"0":{"name":"(anonymous_0)","decl":{"start":{"line":3,"column":4},"end":{"line":3,"column":5}},"loc":{"start":{"line":3,"column":44},"end":{"line":8,"column":5}},"line":3},"1":{"name":"(anonymous_1)","decl":{"start":{"line":12,"column":4},"end":{"line":12,"column":5}},"loc":{"start":{"line":12,"column":44},"end":{"line":17,"column":5}},"line":12}},"branchMap":{"0":{"loc":{"start":{"line":7,"column":20},"end":{"line":7,"column":32}},"type":"binary-expr","locations":[{"start":{"line":7,"column":20},"end":{"line":7,"column":24}},{"start":{"line":7,"column":28},"end":{"line":7,"column":32}}],"line":7}},"s":{"0":31,"1":31,"2":31,"3":31,"4":14,"5":14,"6":14,"7":14,"8":4},"f":{"0":31,"1":14},"b":{"0":[31,31]},"_coverageSchema":"1a1c01bbd47fc00a2c39e90264f33305004495a9","hash":"9533557e661af4f93c374aa55cbfbbefe5be476d"}
,"C:\\Users\\Lenov\\Documents\\IT\\Binar Academy Back End Javascript Bootcamp\\Project\\challange-platinum\\utils\\uuid.js": {"path":"C:\\Users\\Lenov\\Documents\\IT\\Binar Academy Back End Javascript Bootcamp\\Project\\challange-platinum\\utils\\uuid.js","statementMap":{"0":{"start":{"line":1,"column":23},"end":{"line":1,"column":38}},"1":{"start":{"line":3,"column":20},"end":{"line":6,"column":1}},"2":{"start":{"line":4,"column":13},"end":{"line":4,"column":21}},"3":{"start":{"line":5,"column":2},"end":{"line":5,"column":12}},"4":{"start":{"line":8,"column":0},"end":{"line":10,"column":2}}},"fnMap":{"0":{"name":"(anonymous_0)","decl":{"start":{"line":3,"column":20},"end":{"line":3,"column":21}},"loc":{"start":{"line":3,"column":26},"end":{"line":6,"column":1}},"line":3}},"branchMap":{},"s":{"0":4,"1":4,"2":4,"3":4,"4":4},"f":{"0":4},"b":{},"_coverageSchema":"1a1c01bbd47fc00a2c39e90264f33305004495a9","hash":"f12a481753bc92b74e58cbba10ce5c43cd3bf4e0"}
}
