TN:
SF:app.js
FN:18,(anonymous_0)
FN:29,(anonymous_1)
FN:37,(anonymous_2)
FNF:3
FNH:1
FNDA:0,(anonymous_0)
FNDA:5,(anonymous_1)
FNDA:0,(anonymous_2)
DA:1,4
DA:2,4
DA:3,4
DA:4,4
DA:5,4
DA:6,4
DA:7,4
DA:8,4
DA:10,4
DA:12,4
DA:13,4
DA:16,4
DA:18,4
DA:19,0
DA:22,4
DA:23,4
DA:24,4
DA:25,4
DA:26,4
DA:29,4
DA:30,5
DA:31,5
DA:37,4
DA:38,0
DA:44,4
LF:25
LH:23
BRF:0
BRH:0
end_of_record
TN:
SF:config\config.js
FNF:0
FNH:0
DA:1,2
DA:3,2
LF:2
LH:2
BRF:0
BRH:0
end_of_record
TN:
SF:controller\auth.js
FN:17,register
FN:84,login
FN:118,updateAdmin
FN:145,verifyEmail
FNF:4
FNH:3
FNDA:15,register
FNDA:12,login
FNDA:0,updateAdmin
FNDA:1,verifyEmail
DA:1,4
DA:3,4
DA:4,4
DA:5,4
DA:7,4
DA:8,4
DA:9,4
DA:10,4
DA:11,4
DA:15,4
DA:18,15
DA:29,15
DA:31,15
DA:32,5
DA:36,10
DA:37,3
DA:41,7
DA:42,7
DA:43,3
DA:46,4
DA:48,4
DA:56,3
DA:65,3
DA:68,3
DA:71,3
DA:73,3
DA:80,1
DA:85,12
DA:86,12
DA:88,12
DA:89,11
DA:90,3
DA:91,3
DA:92,8
DA:93,2
DA:94,2
DA:97,6
DA:98,6
DA:100,3
DA:102,3
DA:107,3
DA:109,3
DA:110,3
DA:113,1
DA:119,0
DA:120,0
DA:121,0
DA:123,0
DA:124,0
DA:125,0
DA:126,0
DA:132,0
DA:133,0
DA:134,0
DA:141,0
DA:146,1
DA:147,1
DA:149,1
DA:156,1
DA:157,0
DA:158,0
DA:160,1
DA:161,1
DA:162,1
DA:164,1
DA:165,1
DA:167,0
DA:171,4
LF:68
LH:54
BRDA:31,0,0,5
BRDA:31,0,1,10
BRDA:31,1,0,15
BRDA:31,1,1,12
BRDA:36,2,0,3
BRDA:36,2,1,7
BRDA:42,3,0,3
BRDA:42,3,1,4
BRDA:58,4,0,3
BRDA:58,4,1,0
BRDA:59,5,0,3
BRDA:59,5,1,0
BRDA:60,6,0,3
BRDA:60,6,1,0
BRDA:61,7,0,3
BRDA:61,7,1,0
BRDA:89,8,0,3
BRDA:89,8,1,8
BRDA:92,9,0,2
BRDA:92,9,1,6
BRDA:98,10,0,3
BRDA:98,10,1,3
BRDA:123,11,0,0
BRDA:123,11,1,0
BRDA:125,12,0,0
BRDA:125,12,1,0
BRDA:156,13,0,0
BRDA:156,13,1,1
BRF:28
BRH:19
end_of_record
TN:
SF:controller\chats.js
FN:7,(anonymous_0)
FN:7,(anonymous_1)
FN:94,(anonymous_2)
FN:100,(anonymous_3)
FN:111,(anonymous_4)
FNF:5
FNH:0
FNDA:0,(anonymous_0)
FNDA:0,(anonymous_1)
FNDA:0,(anonymous_2)
FNDA:0,(anonymous_3)
FNDA:0,(anonymous_4)
DA:1,4
DA:2,4
DA:3,4
DA:4,4
DA:5,4
DA:7,4
DA:8,0
DA:9,0
DA:12,0
DA:17,0
DA:20,0
DA:26,0
DA:27,0
DA:28,0
DA:31,0
DA:42,0
DA:44,0
DA:45,0
DA:47,0
DA:49,0
DA:55,0
DA:56,0
DA:64,0
DA:65,0
DA:71,0
DA:72,0
DA:76,0
DA:84,0
DA:85,0
DA:91,0
DA:92,0
DA:94,0
DA:95,0
DA:100,4
DA:101,0
DA:102,0
DA:104,0
DA:111,0
DA:113,0
DA:122,0
DA:124,0
DA:128,4
LF:42
LH:8
BRDA:17,0,0,0
BRDA:17,0,1,0
BRDA:26,1,0,0
BRDA:26,1,1,0
BRDA:42,2,0,0
BRDA:42,2,1,0
BRDA:44,3,0,0
BRDA:44,3,1,0
BRDA:64,4,0,0
BRDA:64,4,1,0
BRDA:84,5,0,0
BRDA:84,5,1,0
BRF:12
BRH:0
end_of_record
TN:
SF:controller\item.js
FN:5,createItem
FN:51,updateItem
FN:89,getItem
FN:108,getAllItem
FN:119,deleteItem
FNF:5
FNH:1
FNDA:3,createItem
FNDA:0,updateItem
FNDA:0,getItem
FNDA:0,getAllItem
FNDA:0,deleteItem
DA:1,4
DA:2,4
DA:3,4
DA:6,3
DA:8,3
DA:11,3
DA:12,1
DA:13,1
DA:16,2
DA:17,1
DA:18,1
DA:22,1
DA:26,1
DA:27,1
DA:28,1
DA:29,1
DA:31,0
DA:32,0
DA:36,1
DA:43,1
DA:44,1
DA:46,0
DA:47,0
DA:52,0
DA:53,0
DA:62,0
DA:63,0
DA:68,0
DA:69,0
DA:70,0
DA:72,0
DA:73,0
DA:74,0
DA:75,0
DA:76,0
DA:77,0
DA:78,0
DA:80,0
DA:82,0
DA:83,0
DA:85,0
DA:90,0
DA:91,0
DA:92,0
DA:97,0
DA:98,0
DA:99,0
DA:101,0
DA:102,0
DA:104,0
DA:109,0
DA:110,0
DA:111,0
DA:113,0
DA:115,0
DA:120,0
DA:121,0
DA:122,0
DA:124,0
DA:125,0
DA:126,0
DA:129,0
DA:135,0
DA:137,0
DA:141,4
LF:65
LH:20
BRDA:11,0,0,1
BRDA:11,0,1,2
BRDA:11,1,0,3
BRDA:11,1,1,3
BRDA:16,2,0,1
BRDA:16,2,1,1
BRDA:16,3,0,2
BRDA:16,3,1,1
BRDA:68,4,0,0
BRDA:68,4,1,0
BRDA:72,5,0,0
BRDA:72,5,1,0
BRDA:73,6,0,0
BRDA:73,6,1,0
BRDA:74,7,0,0
BRDA:74,7,1,0
BRDA:75,8,0,0
BRDA:75,8,1,0
BRDA:76,9,0,0
BRDA:76,9,1,0
BRDA:77,10,0,0
BRDA:77,10,1,0
BRDA:78,11,0,0
BRDA:78,11,1,0
BRDA:97,12,0,0
BRDA:97,12,1,0
BRDA:124,13,0,0
BRDA:124,13,1,0
BRF:28
BRH:8
end_of_record
TN:
SF:controller\order.js
FN:5,createOrder
FN:77,orderSuccess
FN:97,getOrderDetails
FNF:3
FNH:3
FNDA:9,createOrder
FNDA:5,orderSuccess
FNDA:5,getOrderDetails
DA:1,4
DA:2,4
DA:3,4
DA:6,9
DA:8,9
DA:9,9
DA:10,9
DA:13,9
DA:14,2
DA:15,2
DA:19,7
DA:20,6
DA:21,2
DA:24,4
DA:25,2
DA:29,2
DA:30,2
DA:33,2
DA:43,2
DA:44,2
DA:47,2
DA:53,2
DA:67,2
DA:68,2
DA:70,2
DA:72,1
DA:73,1
DA:78,5
DA:79,5
DA:80,5
DA:82,4
DA:83,2
DA:84,2
DA:87,2
DA:89,2
DA:90,2
DA:91,2
DA:93,1
DA:98,5
DA:99,5
DA:102,5
DA:114,4
DA:115,2
DA:116,2
DA:118,2
DA:119,2
DA:121,1
DA:125,4
LF:48
LH:48
BRDA:13,0,0,2
BRDA:13,0,1,7
BRDA:13,1,0,9
BRDA:13,1,1,7
BRDA:20,2,0,2
BRDA:20,2,1,4
BRDA:24,3,0,2
BRDA:24,3,1,2
BRDA:24,4,0,4
BRDA:24,4,1,4
BRDA:82,5,0,2
BRDA:82,5,1,2
BRDA:114,6,0,2
BRDA:114,6,1,2
BRF:14
BRH:14
end_of_record
TN:
SF:controller\user.js
FN:5,getAll
FN:22,getOne
FN:48,update
FN:77,updateDetail
FN:107,deleted
FNF:5
FNH:0
FNDA:0,getAll
FNDA:0,getOne
FNDA:0,update
FNDA:0,updateDetail
FNDA:0,deleted
DA:1,4
DA:2,4
DA:3,4
DA:6,0
DA:7,0
DA:17,0
DA:19,0
DA:23,0
DA:25,0
DA:28,0
DA:39,0
DA:40,0
DA:42,0
DA:44,0
DA:49,0
DA:50,0
DA:51,0
DA:53,0
DA:55,0
DA:56,0
DA:57,0
DA:60,0
DA:61,0
DA:62,0
DA:63,0
DA:64,0
DA:65,0
DA:67,0
DA:69,0
DA:71,0
DA:73,0
DA:78,0
DA:79,0
DA:81,0
DA:83,0
DA:84,0
DA:85,0
DA:88,0
DA:91,0
DA:92,0
DA:93,0
DA:94,0
DA:97,0
DA:99,0
DA:101,0
DA:103,0
DA:108,0
DA:109,0
DA:110,0
DA:116,0
DA:117,0
DA:118,0
DA:120,0
DA:121,0
DA:127,0
DA:128,0
DA:130,0
DA:134,4
LF:58
LH:4
BRDA:39,0,0,0
BRDA:39,0,1,0
BRDA:55,1,0,0
BRDA:55,1,1,0
BRDA:60,2,0,0
BRDA:60,2,1,0
BRDA:61,3,0,0
BRDA:61,3,1,0
BRDA:62,4,0,0
BRDA:62,4,1,0
BRDA:63,5,0,0
BRDA:63,5,1,0
BRDA:64,6,0,0
BRDA:64,6,1,0
BRDA:65,7,0,0
BRDA:65,7,1,0
BRDA:83,8,0,0
BRDA:83,8,1,0
BRDA:91,9,0,0
BRDA:91,9,1,0
BRDA:92,10,0,0
BRDA:92,10,1,0
BRDA:93,11,0,0
BRDA:93,11,1,0
BRDA:94,12,0,0
BRDA:94,12,1,0
BRDA:116,13,0,0
BRDA:116,13,1,0
BRF:28
BRH:0
end_of_record
TN:
SF:docs\swager.js
FNF:0
FNH:0
DA:1,4
DA:2,4
DA:3,4
DA:5,4
DA:7,4
LF:5
LH:5
BRF:0
BRH:0
end_of_record
TN:
SF:middleware\uploadFile.js
FN:4,(anonymous_0)
FN:7,(anonymous_1)
FN:14,(anonymous_2)
FNF:3
FNH:3
FNDA:2,(anonymous_0)
FNDA:2,(anonymous_1)
FNDA:2,(anonymous_2)
DA:1,4
DA:3,4
DA:5,2
DA:8,2
DA:12,4
DA:15,2
DA:20,2
DA:22,0
DA:23,0
DA:30,4
LF:10
LH:8
BRDA:15,0,0,2
BRDA:15,0,1,0
BRDA:16,1,0,2
BRDA:16,1,1,0
BRDA:16,1,2,0
BRF:5
BRH:2
end_of_record
TN:
SF:middleware\verifyAccess.js
FN:9,(anonymous_0)
FN:22,(anonymous_1)
FNF:2
FNH:1
FNDA:6,(anonymous_0)
FNDA:0,(anonymous_1)
DA:1,4
DA:2,4
DA:3,4
DA:4,4
DA:5,4
DA:7,4
DA:9,4
DA:10,6
DA:11,6
DA:12,6
DA:13,0
DA:14,0
DA:16,6
DA:18,0
DA:22,4
DA:23,0
DA:24,0
DA:25,0
DA:26,0
DA:27,0
DA:28,0
DA:31,0
DA:35,4
LF:23
LH:13
BRDA:12,0,0,0
BRDA:12,0,1,6
BRDA:25,1,0,0
BRDA:25,1,1,0
BRF:4
BRH:1
end_of_record
TN:
SF:models\conversations.js
FN:6,(anonymous_0)
FN:13,(anonymous_1)
FN:52,(anonymous_2)
FN:56,(anonymous_3)
FNF:4
FNH:2
FNDA:2,(anonymous_0)
FNDA:2,(anonymous_1)
FNDA:0,(anonymous_2)
FNDA:0,(anonymous_3)
DA:4,2
DA:5,2
DA:6,2
DA:14,2
DA:20,2
DA:53,0
DA:54,0
DA:57,0
DA:62,2
LF:9
LH:6
BRF:0
BRH:0
end_of_record
TN:
SF:models\index.js
FN:21,(anonymous_0)
FN:29,(anonymous_1)
FN:34,(anonymous_2)
FNF:3
FNH:3
FNDA:18,(anonymous_0)
FNDA:16,(anonymous_1)
FNDA:16,(anonymous_2)
DA:3,2
DA:4,2
DA:5,2
DA:6,2
DA:7,2
DA:8,2
DA:9,2
DA:10,2
DA:11,2
DA:14,2
DA:15,0
DA:17,2
DA:20,2
DA:22,18
DA:30,16
DA:31,16
DA:34,2
DA:35,16
DA:36,16
DA:40,2
DA:41,2
DA:43,2
LF:22
LH:21
BRDA:9,0,0,2
BRDA:9,0,1,0
BRDA:14,1,0,0
BRDA:14,1,1,2
BRDA:23,2,0,18
BRDA:23,2,1,18
BRDA:23,2,2,16
BRDA:23,2,3,16
BRDA:35,3,0,16
BRDA:35,3,1,0
BRF:10
BRH:7
end_of_record
TN:
SF:models\item.js
FN:4,(anonymous_0)
FN:11,(anonymous_1)
FN:38,(anonymous_2)
FN:42,(anonymous_3)
FNF:4
FNH:3
FNDA:2,(anonymous_0)
FNDA:2,(anonymous_1)
FNDA:1,(anonymous_2)
FNDA:0,(anonymous_3)
DA:2,2
DA:3,2
DA:4,2
DA:12,2
DA:19,2
DA:39,1
DA:40,1
DA:43,0
DA:48,2
LF:9
LH:8
BRF:0
BRH:0
end_of_record
TN:
SF:models\messages.js
FN:6,(anonymous_0)
FN:13,(anonymous_1)
FN:47,(anonymous_2)
FN:51,(anonymous_3)
FNF:4
FNH:2
FNDA:2,(anonymous_0)
FNDA:2,(anonymous_1)
FNDA:0,(anonymous_2)
FNDA:0,(anonymous_3)
DA:4,2
DA:5,2
DA:6,2
DA:14,2
DA:20,2
DA:48,0
DA:49,0
DA:52,0
DA:57,2
LF:9
LH:6
BRF:0
BRH:0
end_of_record
TN:
SF:models\order.js
FN:4,(anonymous_0)
FN:11,(anonymous_1)
FN:44,(anonymous_2)
FN:47,(anonymous_3)
FNF:4
FNH:2
FNDA:2,(anonymous_0)
FNDA:2,(anonymous_1)
FNDA:0,(anonymous_2)
FNDA:0,(anonymous_3)
DA:2,2
DA:3,2
DA:4,2
DA:12,2
DA:19,2
DA:45,0
DA:48,0
DA:53,2
LF:8
LH:6
BRF:0
BRH:0
end_of_record
TN:
SF:models\order_items.js
FN:5,(anonymous_0)
FN:12,(anonymous_1)
FNF:2
FNH:2
FNDA:2,(anonymous_0)
FNDA:2,(anonymous_1)
DA:4,2
DA:5,2
DA:16,2
DA:44,2
LF:4
LH:4
BRF:0
BRH:0
end_of_record
TN:
SF:models\rooms.js
FN:6,(anonymous_0)
FN:13,(anonymous_1)
FN:29,(anonymous_2)
FN:34,(anonymous_3)
FNF:4
FNH:2
FNDA:2,(anonymous_0)
FNDA:2,(anonymous_1)
FNDA:0,(anonymous_2)
FNDA:0,(anonymous_3)
DA:4,2
DA:5,2
DA:6,2
DA:14,2
DA:21,2
DA:30,0
DA:31,0
DA:35,0
DA:39,2
LF:9
LH:6
BRF:0
BRH:0
end_of_record
TN:
SF:models\user.js
FN:6,(anonymous_0)
FN:13,(anonymous_1)
FN:65,(anonymous_2)
FN:69,(anonymous_3)
FNF:4
FNH:4
FNDA:2,(anonymous_0)
FNDA:2,(anonymous_1)
FNDA:1,(anonymous_2)
FNDA:1,(anonymous_3)
DA:4,2
DA:5,2
DA:6,2
DA:14,2
DA:19,2
DA:26,2
DA:66,1
DA:67,1
DA:70,1
DA:75,2
LF:10
LH:10
BRF:0
BRH:0
end_of_record
TN:
SF:models\user_detail.js
FN:6,(anonymous_0)
FN:13,(anonymous_1)
FN:44,(anonymous_2)
FN:48,(anonymous_3)
FNF:4
FNH:3
FNDA:2,(anonymous_0)
FNDA:2,(anonymous_1)
FNDA:1,(anonymous_2)
FNDA:0,(anonymous_3)
DA:4,2
DA:5,2
DA:6,2
DA:17,2
DA:45,1
DA:46,1
DA:49,0
DA:54,2
LF:8
LH:7
BRF:0
BRH:0
end_of_record
TN:
SF:modules\cloudinary.js
FN:12,uploadCloudinary
FN:18,(anonymous_1)
FN:26,(anonymous_2)
FNF:3
FNH:2
FNDA:1,uploadCloudinary
FNDA:1,(anonymous_1)
FNDA:0,(anonymous_2)
DA:1,4
DA:2,4
DA:3,4
DA:4,4
DA:6,4
DA:14,1
DA:15,1
DA:18,1
DA:19,1
DA:20,0
DA:22,1
DA:24,1
DA:26,0
DA:27,0
DA:28,0
DA:30,0
DA:32,0
DA:33,0
DA:37,4
LF:19
LH:12
BRDA:19,0,0,0
BRDA:19,0,1,1
BRDA:27,1,0,0
BRDA:27,1,1,0
BRF:4
BRH:1
end_of_record
TN:
SF:modules\jwt.js
FN:5,generateJwtToken
FNF:1
FNH:1
FNDA:4,generateJwtToken
DA:1,4
DA:2,4
DA:3,4
DA:6,4
DA:13,4
DA:15,4
DA:18,4
LF:7
LH:7
BRF:0
BRH:0
end_of_record
TN:
SF:modules\nodemailer.js
FN:14,sendEmail
FNF:1
FNH:1
FNDA:3,sendEmail
DA:1,4
DA:2,4
DA:4,4
DA:15,3
DA:26,4
LF:5
LH:5
BRF:0
BRH:0
end_of_record
TN:
SF:modules\passport.js
FN:13,payloads
FNF:1
FNH:1
FNDA:14,payloads
DA:1,4
DA:2,4
DA:3,4
DA:4,4
DA:8,4
DA:14,14
DA:15,14
DA:17,0
DA:23,4
DA:25,4
LF:10
LH:9
BRF:0
BRH:0
end_of_record
TN:
SF:routes\chats.routes.js
FN:4,(anonymous_0)
FNF:1
FNH:0
FNDA:0,(anonymous_0)
DA:1,4
DA:2,4
DA:4,4
DA:5,0
DA:8,4
DA:10,4
LF:6
LH:5
BRF:0
BRH:0
end_of_record
TN:
SF:routes\item.routes.js
FNF:0
FNH:0
DA:7,4
DA:8,4
DA:9,4
DA:11,4
DA:13,4
DA:26,4
LF:6
LH:6
BRF:0
BRH:0
end_of_record
TN:
SF:routes\order.routes.js
FNF:0
FNH:0
DA:1,4
DA:2,4
DA:4,4
DA:6,4
DA:11,4
LF:5
LH:5
BRF:0
BRH:0
end_of_record
TN:
SF:routes\user.routes.js
FNF:0
FNH:0
DA:1,4
DA:2,4
DA:3,4
DA:5,4
DA:7,4
DA:18,4
LF:6
LH:6
BRF:0
BRH:0
end_of_record
TN:
SF:utils\date.js
FN:2,getFormattedDate
FNF:1
FNH:1
FNDA:7,getFormattedDate
DA:3,7
DA:4,7
DA:14,7
DA:17,2
LF:4
LH:4
BRF:0
BRH:0
end_of_record
TN:
SF:utils\dummyToken.js
FNF:0
FNH:0
DA:1,1
DA:2,1
DA:3,1
DA:6,1
DA:12,1
DA:14,1
LF:6
LH:6
BRF:0
BRH:0
end_of_record
TN:
SF:utils\emailValidation.js
FN:1,formatEmail
FNF:1
FNH:1
FNDA:10,formatEmail
DA:3,10
DA:6,10
DA:8,7
DA:9,7
DA:13,3
DA:16,4
LF:6
LH:6
BRDA:6,0,0,7
BRDA:6,0,1,3
BRDA:6,1,0,10
BRDA:6,1,1,10
BRDA:6,1,2,7
BRDA:6,1,3,7
BRDA:8,2,0,7
BRDA:8,2,1,0
BRF:8
BRH:7
end_of_record
TN:
SF:utils\respons.js
FN:3,(anonymous_0)
FN:12,(anonymous_1)
FNF:2
FNH:2
FNDA:31,(anonymous_0)
FNDA:14,(anonymous_1)
DA:4,31
DA:5,31
DA:6,31
DA:7,31
DA:13,14
DA:14,14
DA:15,14
DA:16,14
DA:20,4
LF:9
LH:9
BRDA:7,0,0,31
BRDA:7,0,1,31
BRF:2
BRH:2
end_of_record
TN:
SF:utils\uuid.js
FN:3,(anonymous_0)
FNF:1
FNH:1
FNDA:4,(anonymous_0)
DA:1,4
DA:3,4
DA:4,4
DA:5,4
DA:8,4
LF:5
LH:5
BRF:0
BRH:0
end_of_record
